<?xml version="1.0" encoding="UTF-8"?>
<testsuites>
  <testsuite name="" tests="21" assertions="50" errors="0" warnings="0" failures="0" skipped="0" time="0.062699">
    <testsuite name="Project Test Suite" tests="21" assertions="50" errors="0" warnings="0" failures="0" skipped="0" time="0.062699">
      <testsuite name="App\Tests\Controller\Api\ApiControllerTest" file="/home/ssepheron/dbwebb-kurser/mvc/me/report/tests/Api/ApiControllerTest.php" tests="1" assertions="6" errors="0" warnings="0" failures="0" skipped="0" time="0.015809">
        <testcase name="testDailyQuote" class="App\Tests\Controller\Api\ApiControllerTest" classname="App.Tests.Controller.Api.ApiControllerTest" file="/home/ssepheron/dbwebb-kurser/mvc/me/report/tests/Api/ApiControllerTest.php" line="10" assertions="6" time="0.015809"/>
      </testsuite>
      <testsuite name="App\Card\CardHandTest" file="/home/ssepheron/dbwebb-kurser/mvc/me/report/tests/Card/CardHandTest.php" tests="2" assertions="5" errors="0" warnings="0" failures="0" skipped="0" time="0.001646">
        <testcase name="testGetCards" class="App\Card\CardHandTest" classname="App.Card.CardHandTest" file="/home/ssepheron/dbwebb-kurser/mvc/me/report/tests/Card/CardHandTest.php" line="14" assertions="3" time="0.001345"/>
        <testcase name="testAddCard" class="App\Card\CardHandTest" classname="App.Card.CardHandTest" file="/home/ssepheron/dbwebb-kurser/mvc/me/report/tests/Card/CardHandTest.php" line="32" assertions="2" time="0.000300"/>
      </testsuite>
      <testsuite name="App\Card\CardTest" file="/home/ssepheron/dbwebb-kurser/mvc/me/report/tests/Card/CardTest.php" tests="2" assertions="3" errors="0" warnings="0" failures="0" skipped="0" time="0.001020">
        <testcase name="testConstructor" class="App\Card\CardTest" classname="App.Card.CardTest" file="/home/ssepheron/dbwebb-kurser/mvc/me/report/tests/Card/CardTest.php" line="14" assertions="2" time="0.000686"/>
        <testcase name="testgetGrapichalRepresentation" class="App\Card\CardTest" classname="App.Card.CardTest" file="/home/ssepheron/dbwebb-kurser/mvc/me/report/tests/Card/CardTest.php" line="24" assertions="1" time="0.000334"/>
      </testsuite>
      <testsuite name="App\Card\DeckOfCardsTest" file="/home/ssepheron/dbwebb-kurser/mvc/me/report/tests/Card/DeckOfCardsTest.php" tests="3" assertions="11" errors="0" warnings="0" failures="0" skipped="0" time="0.008116">
        <testcase name="testDeckInit" class="App\Card\DeckOfCardsTest" classname="App.Card.DeckOfCardsTest" file="/home/ssepheron/dbwebb-kurser/mvc/me/report/tests/Card/DeckOfCardsTest.php" line="21" assertions="5" time="0.000983"/>
        <testcase name="testShuffle" class="App\Card\DeckOfCardsTest" classname="App.Card.DeckOfCardsTest" file="/home/ssepheron/dbwebb-kurser/mvc/me/report/tests/Card/DeckOfCardsTest.php" line="43" assertions="4" time="0.004165"/>
        <testcase name="testDealCardFromDeck" class="App\Card\DeckOfCardsTest" classname="App.Card.DeckOfCardsTest" file="/home/ssepheron/dbwebb-kurser/mvc/me/report/tests/Card/DeckOfCardsTest.php" line="59" assertions="2" time="0.002968"/>
      </testsuite>
      <testsuite name="App\Card\GameTest" file="/home/ssepheron/dbwebb-kurser/mvc/me/report/tests/Card/GameTest.php" tests="1" assertions="1" errors="0" warnings="0" failures="0" skipped="0" time="0.014402">
        <testcase name="testInitializeGame" class="App\Card\GameTest" classname="App.Card.GameTest" file="/home/ssepheron/dbwebb-kurser/mvc/me/report/tests/Card/GameTest.php" line="21" assertions="1" time="0.014402"/>
      </testsuite>
      <testsuite name="App\Card\PlayerTest" file="/home/ssepheron/dbwebb-kurser/mvc/me/report/tests/Card/PlayerTest.php" tests="4" assertions="8" errors="0" warnings="0" failures="0" skipped="0" time="0.003025">
        <testcase name="testConstructorInitCardHand" class="App\Card\PlayerTest" classname="App.Card.PlayerTest" file="/home/ssepheron/dbwebb-kurser/mvc/me/report/tests/Card/PlayerTest.php" line="16" assertions="2" time="0.000280"/>
        <testcase name="testDrawCard" class="App\Card\PlayerTest" classname="App.Card.PlayerTest" file="/home/ssepheron/dbwebb-kurser/mvc/me/report/tests/Card/PlayerTest.php" line="32" assertions="3" time="0.000279"/>
        <testcase name="testGetHand" class="App\Card\PlayerTest" classname="App.Card.PlayerTest" file="/home/ssepheron/dbwebb-kurser/mvc/me/report/tests/Card/PlayerTest.php" line="49" assertions="2" time="0.000258"/>
        <testcase name="testCalculateScoreAces" class="App\Card\PlayerTest" classname="App.Card.PlayerTest" file="/home/ssepheron/dbwebb-kurser/mvc/me/report/tests/Card/PlayerTest.php" line="76" assertions="1" time="0.002208"/>
      </testsuite>
      <testsuite name="App\Dice\DiceGraphicTest" file="/home/ssepheron/dbwebb-kurser/mvc/me/report/tests/Dice/DiceGraphicTest.php" tests="1" assertions="1" errors="0" warnings="0" failures="0" skipped="0" time="0.000736">
        <testcase name="testGetAsString" class="App\Dice\DiceGraphicTest" classname="App.Dice.DiceGraphicTest" file="/home/ssepheron/dbwebb-kurser/mvc/me/report/tests/Dice/DiceGraphicTest.php" line="12" assertions="1" time="0.000736"/>
      </testsuite>
      <testsuite name="App\Dice\DiceHandTest" file="/home/ssepheron/dbwebb-kurser/mvc/me/report/tests/Dice/DiceHandTest.php" tests="2" assertions="4" errors="0" warnings="0" failures="0" skipped="0" time="0.002040">
        <testcase name="testAdd" class="App\Dice\DiceHandTest" classname="App.Dice.DiceHandTest" file="/home/ssepheron/dbwebb-kurser/mvc/me/report/tests/Dice/DiceHandTest.php" line="23" assertions="2" time="0.001135"/>
        <testcase name="testRoll" class="App\Dice\DiceHandTest" classname="App.Dice.DiceHandTest" file="/home/ssepheron/dbwebb-kurser/mvc/me/report/tests/Dice/DiceHandTest.php" line="44" assertions="2" time="0.000905"/>
      </testsuite>
      <testsuite name="App\Dice\DiceTest" file="/home/ssepheron/dbwebb-kurser/mvc/me/report/tests/Dice/DiceTest.php" tests="1" assertions="2" errors="0" warnings="0" failures="0" skipped="0" time="0.000306">
        <testcase name="testcreateDice" class="App\Dice\DiceTest" classname="App.Dice.DiceTest" file="/home/ssepheron/dbwebb-kurser/mvc/me/report/tests/Dice/DiceTest.php" line="16" assertions="2" time="0.000306"/>
      </testsuite>
      <testsuite name="App\Library\LibraryTest" file="/home/ssepheron/dbwebb-kurser/mvc/me/report/tests/Library/LibraryTest.php" tests="1" assertions="6" errors="0" warnings="0" failures="0" skipped="0" time="0.014363">
        <testcase name="testCreateOrUpdateBook" class="App\Library\LibraryTest" classname="App.Library.LibraryTest" file="/home/ssepheron/dbwebb-kurser/mvc/me/report/tests/Library/LibraryTest.php" line="14" assertions="6" time="0.014363"/>
      </testsuite>
      <testsuite name="App\Lucky\LuckTest" file="/home/ssepheron/dbwebb-kurser/mvc/me/report/tests/Luck/LuckTest.php" tests="3" assertions="3" errors="0" warnings="0" failures="0" skipped="0" time="0.001235">
        <testcase name="testGetGreetingMorning" class="App\Lucky\LuckTest" classname="App.Lucky.LuckTest" file="/home/ssepheron/dbwebb-kurser/mvc/me/report/tests/Luck/LuckTest.php" line="12" assertions="1" time="0.000608"/>
        <testcase name="testGetGreetingAfternoon" class="App\Lucky\LuckTest" classname="App.Lucky.LuckTest" file="/home/ssepheron/dbwebb-kurser/mvc/me/report/tests/Luck/LuckTest.php" line="22" assertions="1" time="0.000378"/>
        <testcase name="testGetGreetingEvening" class="App\Lucky\LuckTest" classname="App.Lucky.LuckTest" file="/home/ssepheron/dbwebb-kurser/mvc/me/report/tests/Luck/LuckTest.php" line="32" assertions="1" time="0.000248"/>
      </testsuite>
    </testsuite>
  </testsuite>
</testsuites>
