<?xml version="1.0" encoding="UTF-8"?>
<testsuites>
  <testsuite name="" tests="46" assertions="89" errors="0" warnings="0" failures="0" skipped="0" time="0.433119">
    <testsuite name="Project Test Suite" tests="46" assertions="89" errors="0" warnings="0" failures="0" skipped="0" time="0.433119">
      <testsuite name="App\Tests\Adventure\AdventureDevice\AdventureDeviceTest" file="/home/ssepheron/dbwebb-kurser/mvc/me/report/tests/Adventure/AdventureDeviceTest.php" tests="1" assertions="1" errors="0" warnings="0" failures="0" skipped="0" time="0.006064">
        <testcase name="testEncryptText" class="App\Tests\Adventure\AdventureDevice\AdventureDeviceTest" classname="App.Tests.Adventure.AdventureDevice.AdventureDeviceTest" file="/home/ssepheron/dbwebb-kurser/mvc/me/report/tests/Adventure/AdventureDeviceTest.php" line="10" assertions="1" time="0.006064"/>
      </testsuite>
      <testsuite name="App\Tests\Adventure\AdventureInventory\AdventureInventoryTest" file="/home/ssepheron/dbwebb-kurser/mvc/me/report/tests/Adventure/AdventureInventoryTest.php" tests="4" assertions="8" errors="0" warnings="0" failures="0" skipped="0" time="0.024051">
        <testcase name="testGetAllAdventures" class="App\Tests\Adventure\AdventureInventory\AdventureInventoryTest" classname="App.Tests.Adventure.AdventureInventory.AdventureInventoryTest" file="/home/ssepheron/dbwebb-kurser/mvc/me/report/tests/Adventure/AdventureInventoryTest.php" line="20" assertions="1" time="0.019274"/>
        <testcase name="testClearAdventures" class="App\Tests\Adventure\AdventureInventory\AdventureInventoryTest" classname="App.Tests.Adventure.AdventureInventory.AdventureInventoryTest" file="/home/ssepheron/dbwebb-kurser/mvc/me/report/tests/Adventure/AdventureInventoryTest.php" line="40" assertions="1" time="0.003021"/>
        <testcase name="testAdventureExists" class="App\Tests\Adventure\AdventureInventory\AdventureInventoryTest" classname="App.Tests.Adventure.AdventureInventory.AdventureInventoryTest" file="/home/ssepheron/dbwebb-kurser/mvc/me/report/tests/Adventure/AdventureInventoryTest.php" line="65" assertions="3" time="0.000909"/>
        <testcase name="testAdventureDoesNotExist" class="App\Tests\Adventure\AdventureInventory\AdventureInventoryTest" classname="App.Tests.Adventure.AdventureInventory.AdventureInventoryTest" file="/home/ssepheron/dbwebb-kurser/mvc/me/report/tests/Adventure/AdventureInventoryTest.php" line="90" assertions="3" time="0.000847"/>
      </testsuite>
      <testsuite name="App\Tests\Adventure\AdventureMechanics\AdventureMechanicsTest" file="/home/ssepheron/dbwebb-kurser/mvc/me/report/tests/Adventure/AdventureMechanicsTest.php" tests="2" assertions="2" errors="0" warnings="0" failures="0" skipped="0" time="0.000933">
        <testcase name="testCheckPasswordWithCorrectPassword" class="App\Tests\Adventure\AdventureMechanics\AdventureMechanicsTest" classname="App.Tests.Adventure.AdventureMechanics.AdventureMechanicsTest" file="/home/ssepheron/dbwebb-kurser/mvc/me/report/tests/Adventure/AdventureMechanicsTest.php" line="16" assertions="1" time="0.000555"/>
        <testcase name="testCheckPasswordWithIncorrectPassword" class="App\Tests\Adventure\AdventureMechanics\AdventureMechanicsTest" classname="App.Tests.Adventure.AdventureMechanics.AdventureMechanicsTest" file="/home/ssepheron/dbwebb-kurser/mvc/me/report/tests/Adventure/AdventureMechanicsTest.php" line="24" assertions="1" time="0.000378"/>
      </testsuite>
      <testsuite name="App\Test\Controller\ProjectController\ProjectControllerTest" file="/home/ssepheron/dbwebb-kurser/mvc/me/report/tests/Adventure/ProjectControllerTest.php" tests="11" assertions="15" errors="0" warnings="0" failures="0" skipped="0" time="0.356463">
        <testcase name="testProjHome" class="App\Test\Controller\ProjectController\ProjectControllerTest" classname="App.Test.Controller.ProjectController.ProjectControllerTest" file="/home/ssepheron/dbwebb-kurser/mvc/me/report/tests/Adventure/ProjectControllerTest.php" line="11" assertions="3" time="0.201150"/>
        <testcase name="testProjAbout" class="App\Test\Controller\ProjectController\ProjectControllerTest" classname="App.Test.Controller.ProjectController.ProjectControllerTest" file="/home/ssepheron/dbwebb-kurser/mvc/me/report/tests/Adventure/ProjectControllerTest.php" line="21" assertions="3" time="0.013533"/>
        <testcase name="testProjStart" class="App\Test\Controller\ProjectController\ProjectControllerTest" classname="App.Test.Controller.ProjectController.ProjectControllerTest" file="/home/ssepheron/dbwebb-kurser/mvc/me/report/tests/Adventure/ProjectControllerTest.php" line="31" assertions="1" time="0.016228"/>
        <testcase name="testProjSecondRoom" class="App\Test\Controller\ProjectController\ProjectControllerTest" classname="App.Test.Controller.ProjectController.ProjectControllerTest" file="/home/ssepheron/dbwebb-kurser/mvc/me/report/tests/Adventure/ProjectControllerTest.php" line="53" assertions="1" time="0.014519"/>
        <testcase name="testProjThirdRoom" class="App\Test\Controller\ProjectController\ProjectControllerTest" classname="App.Test.Controller.ProjectController.ProjectControllerTest" file="/home/ssepheron/dbwebb-kurser/mvc/me/report/tests/Adventure/ProjectControllerTest.php" line="75" assertions="1" time="0.015409"/>
        <testcase name="testProjOpenCabin" class="App\Test\Controller\ProjectController\ProjectControllerTest" classname="App.Test.Controller.ProjectController.ProjectControllerTest" file="/home/ssepheron/dbwebb-kurser/mvc/me/report/tests/Adventure/ProjectControllerTest.php" line="96" assertions="1" time="0.015196"/>
        <testcase name="testProjServerPassed" class="App\Test\Controller\ProjectController\ProjectControllerTest" classname="App.Test.Controller.ProjectController.ProjectControllerTest" file="/home/ssepheron/dbwebb-kurser/mvc/me/report/tests/Adventure/ProjectControllerTest.php" line="117" assertions="1" time="0.015285"/>
        <testcase name="testProjServerDialogOne" class="App\Test\Controller\ProjectController\ProjectControllerTest" classname="App.Test.Controller.ProjectController.ProjectControllerTest" file="/home/ssepheron/dbwebb-kurser/mvc/me/report/tests/Adventure/ProjectControllerTest.php" line="138" assertions="1" time="0.015605"/>
        <testcase name="testProjServerDialogTwo" class="App\Test\Controller\ProjectController\ProjectControllerTest" classname="App.Test.Controller.ProjectController.ProjectControllerTest" file="/home/ssepheron/dbwebb-kurser/mvc/me/report/tests/Adventure/ProjectControllerTest.php" line="159" assertions="1" time="0.015646"/>
        <testcase name="testProjServerFinalTwo" class="App\Test\Controller\ProjectController\ProjectControllerTest" classname="App.Test.Controller.ProjectController.ProjectControllerTest" file="/home/ssepheron/dbwebb-kurser/mvc/me/report/tests/Adventure/ProjectControllerTest.php" line="180" assertions="1" time="0.019108"/>
        <testcase name="testProjServerFinal" class="App\Test\Controller\ProjectController\ProjectControllerTest" classname="App.Test.Controller.ProjectController.ProjectControllerTest" file="/home/ssepheron/dbwebb-kurser/mvc/me/report/tests/Adventure/ProjectControllerTest.php" line="201" assertions="1" time="0.014785"/>
      </testsuite>
      <testsuite name="App\Tests\Controller\Api\ApiControllerTest" file="/home/ssepheron/dbwebb-kurser/mvc/me/report/tests/Api/ApiControllerTest.php" tests="1" assertions="6" errors="0" warnings="0" failures="0" skipped="0" time="0.002214">
        <testcase name="testDailyQuote" class="App\Tests\Controller\Api\ApiControllerTest" classname="App.Tests.Controller.Api.ApiControllerTest" file="/home/ssepheron/dbwebb-kurser/mvc/me/report/tests/Api/ApiControllerTest.php" line="10" assertions="6" time="0.002214"/>
      </testsuite>
      <testsuite name="App\Tests\Controller\CardGame\CardGameTest" file="/home/ssepheron/dbwebb-kurser/mvc/me/report/tests/Card/CardGameTest.php" tests="1" assertions="1" errors="0" warnings="0" failures="0" skipped="0" time="0.005007">
        <testcase name="testApiDeckReturnsJsonResponse" class="App\Tests\Controller\CardGame\CardGameTest" classname="App.Tests.Controller.CardGame.CardGameTest" file="/home/ssepheron/dbwebb-kurser/mvc/me/report/tests/Card/CardGameTest.php" line="29" assertions="1" time="0.005007"/>
      </testsuite>
      <testsuite name="App\Card\CardHandTest" file="/home/ssepheron/dbwebb-kurser/mvc/me/report/tests/Card/CardHandTest.php" tests="2" assertions="5" errors="0" warnings="0" failures="0" skipped="0" time="0.001154">
        <testcase name="testGetCards" class="App\Card\CardHandTest" classname="App.Card.CardHandTest" file="/home/ssepheron/dbwebb-kurser/mvc/me/report/tests/Card/CardHandTest.php" line="14" assertions="3" time="0.000890"/>
        <testcase name="testAddCard" class="App\Card\CardHandTest" classname="App.Card.CardHandTest" file="/home/ssepheron/dbwebb-kurser/mvc/me/report/tests/Card/CardHandTest.php" line="32" assertions="2" time="0.000264"/>
      </testsuite>
      <testsuite name="App\Card\CardTest" file="/home/ssepheron/dbwebb-kurser/mvc/me/report/tests/Card/CardTest.php" tests="2" assertions="3" errors="0" warnings="0" failures="0" skipped="0" time="0.000509">
        <testcase name="testConstructor" class="App\Card\CardTest" classname="App.Card.CardTest" file="/home/ssepheron/dbwebb-kurser/mvc/me/report/tests/Card/CardTest.php" line="14" assertions="2" time="0.000254"/>
        <testcase name="testgetGrapichalRepresentation" class="App\Card\CardTest" classname="App.Card.CardTest" file="/home/ssepheron/dbwebb-kurser/mvc/me/report/tests/Card/CardTest.php" line="24" assertions="1" time="0.000255"/>
      </testsuite>
      <testsuite name="App\Card\DeckOfCardsTest" file="/home/ssepheron/dbwebb-kurser/mvc/me/report/tests/Card/DeckOfCardsTest.php" tests="3" assertions="11" errors="0" warnings="0" failures="0" skipped="0" time="0.007820">
        <testcase name="testDeckInit" class="App\Card\DeckOfCardsTest" classname="App.Card.DeckOfCardsTest" file="/home/ssepheron/dbwebb-kurser/mvc/me/report/tests/Card/DeckOfCardsTest.php" line="21" assertions="5" time="0.000893"/>
        <testcase name="testShuffle" class="App\Card\DeckOfCardsTest" classname="App.Card.DeckOfCardsTest" file="/home/ssepheron/dbwebb-kurser/mvc/me/report/tests/Card/DeckOfCardsTest.php" line="43" assertions="4" time="0.004115"/>
        <testcase name="testDealCardFromDeck" class="App\Card\DeckOfCardsTest" classname="App.Card.DeckOfCardsTest" file="/home/ssepheron/dbwebb-kurser/mvc/me/report/tests/Card/DeckOfCardsTest.php" line="59" assertions="2" time="0.002811"/>
      </testsuite>
      <testsuite name="App\Card\DeckTaskTest" file="/home/ssepheron/dbwebb-kurser/mvc/me/report/tests/Card/DeckTaskTest.php" tests="1" assertions="1" errors="0" warnings="0" failures="0" skipped="0" time="0.005836">
        <testcase name="testShuffleDeck" class="App\Card\DeckTaskTest" classname="App.Card.DeckTaskTest" file="/home/ssepheron/dbwebb-kurser/mvc/me/report/tests/Card/DeckTaskTest.php" line="12" assertions="1" time="0.005836"/>
      </testsuite>
      <testsuite name="App\Card\Game21DrawTest" file="/home/ssepheron/dbwebb-kurser/mvc/me/report/tests/Card/Game21DrawTest.php" tests="1" assertions="3" errors="0" warnings="0" failures="0" skipped="0" time="0.007465">
        <testcase name="testGetDeckFromSession" class="App\Card\Game21DrawTest" classname="App.Card.Game21DrawTest" file="/home/ssepheron/dbwebb-kurser/mvc/me/report/tests/Card/Game21DrawTest.php" line="14" assertions="3" time="0.007465"/>
      </testsuite>
      <testsuite name="App\Card\GameTest" file="/home/ssepheron/dbwebb-kurser/mvc/me/report/tests/Card/GameTest.php" tests="1" assertions="1" errors="0" warnings="0" failures="0" skipped="0" time="0.002254">
        <testcase name="testInitializeGame" class="App\Card\GameTest" classname="App.Card.GameTest" file="/home/ssepheron/dbwebb-kurser/mvc/me/report/tests/Card/GameTest.php" line="21" assertions="1" time="0.002254"/>
      </testsuite>
      <testsuite name="App\Card\PlayerTest" file="/home/ssepheron/dbwebb-kurser/mvc/me/report/tests/Card/PlayerTest.php" tests="4" assertions="8" errors="0" warnings="0" failures="0" skipped="0" time="0.002165">
        <testcase name="testConstructorInitCardHand" class="App\Card\PlayerTest" classname="App.Card.PlayerTest" file="/home/ssepheron/dbwebb-kurser/mvc/me/report/tests/Card/PlayerTest.php" line="16" assertions="2" time="0.000314"/>
        <testcase name="testDrawCard" class="App\Card\PlayerTest" classname="App.Card.PlayerTest" file="/home/ssepheron/dbwebb-kurser/mvc/me/report/tests/Card/PlayerTest.php" line="32" assertions="3" time="0.000294"/>
        <testcase name="testGetHand" class="App\Card\PlayerTest" classname="App.Card.PlayerTest" file="/home/ssepheron/dbwebb-kurser/mvc/me/report/tests/Card/PlayerTest.php" line="49" assertions="2" time="0.000266"/>
        <testcase name="testCalculateScoreAces" class="App\Card\PlayerTest" classname="App.Card.PlayerTest" file="/home/ssepheron/dbwebb-kurser/mvc/me/report/tests/Card/PlayerTest.php" line="76" assertions="1" time="0.001290"/>
      </testsuite>
      <testsuite name="App\Dice\DiceGameTaskTest" file="/home/ssepheron/dbwebb-kurser/mvc/me/report/tests/Dice/DiceGameTaskTest.php" tests="1" assertions="5" errors="0" warnings="0" failures="0" skipped="0" time="0.001149">
        <testcase name="testRollDiceHand" class="App\Dice\DiceGameTaskTest" classname="App.Dice.DiceGameTaskTest" file="/home/ssepheron/dbwebb-kurser/mvc/me/report/tests/Dice/DiceGameTaskTest.php" line="10" assertions="5" time="0.001149"/>
      </testsuite>
      <testsuite name="App\Dice\DiceGraphicTest" file="/home/ssepheron/dbwebb-kurser/mvc/me/report/tests/Dice/DiceGraphicTest.php" tests="1" assertions="1" errors="0" warnings="0" failures="0" skipped="0" time="0.000307">
        <testcase name="testGetAsString" class="App\Dice\DiceGraphicTest" classname="App.Dice.DiceGraphicTest" file="/home/ssepheron/dbwebb-kurser/mvc/me/report/tests/Dice/DiceGraphicTest.php" line="12" assertions="1" time="0.000307"/>
      </testsuite>
      <testsuite name="App\Dice\DiceHandTest" file="/home/ssepheron/dbwebb-kurser/mvc/me/report/tests/Dice/DiceHandTest.php" tests="2" assertions="4" errors="0" warnings="0" failures="0" skipped="0" time="0.001524">
        <testcase name="testAdd" class="App\Dice\DiceHandTest" classname="App.Dice.DiceHandTest" file="/home/ssepheron/dbwebb-kurser/mvc/me/report/tests/Dice/DiceHandTest.php" line="23" assertions="2" time="0.000789"/>
        <testcase name="testRoll" class="App\Dice\DiceHandTest" classname="App.Dice.DiceHandTest" file="/home/ssepheron/dbwebb-kurser/mvc/me/report/tests/Dice/DiceHandTest.php" line="44" assertions="2" time="0.000735"/>
      </testsuite>
      <testsuite name="App\Dice\DiceTest" file="/home/ssepheron/dbwebb-kurser/mvc/me/report/tests/Dice/DiceTest.php" tests="1" assertions="2" errors="0" warnings="0" failures="0" skipped="0" time="0.000318">
        <testcase name="testcreateDice" class="App\Dice\DiceTest" classname="App.Dice.DiceTest" file="/home/ssepheron/dbwebb-kurser/mvc/me/report/tests/Dice/DiceTest.php" line="16" assertions="2" time="0.000318"/>
      </testsuite>
      <testsuite name="App\Library\LibraryTest" file="/home/ssepheron/dbwebb-kurser/mvc/me/report/tests/Library/LibraryTest.php" tests="1" assertions="6" errors="0" warnings="0" failures="0" skipped="0" time="0.002637">
        <testcase name="testCreateOrUpdateBook" class="App\Library\LibraryTest" classname="App.Library.LibraryTest" file="/home/ssepheron/dbwebb-kurser/mvc/me/report/tests/Library/LibraryTest.php" line="14" assertions="6" time="0.002637"/>
      </testsuite>
      <testsuite name="App\Lucky\LuckTest" file="/home/ssepheron/dbwebb-kurser/mvc/me/report/tests/Luck/LuckTest.php" tests="5" assertions="5" errors="0" warnings="0" failures="0" skipped="0" time="0.001997">
        <testcase name="testGetGreetingMorning" class="App\Lucky\LuckTest" classname="App.Lucky.LuckTest" file="/home/ssepheron/dbwebb-kurser/mvc/me/report/tests/Luck/LuckTest.php" line="12" assertions="1" time="0.000907"/>
        <testcase name="testGetGreetingAfternoon" class="App\Lucky\LuckTest" classname="App.Lucky.LuckTest" file="/home/ssepheron/dbwebb-kurser/mvc/me/report/tests/Luck/LuckTest.php" line="22" assertions="1" time="0.000314"/>
        <testcase name="testGetGreetingEvening" class="App\Lucky\LuckTest" classname="App.Lucky.LuckTest" file="/home/ssepheron/dbwebb-kurser/mvc/me/report/tests/Luck/LuckTest.php" line="32" assertions="1" time="0.000259"/>
        <testcase name="testGetTranslatedDayOfWeek" class="App\Lucky\LuckTest" classname="App.Lucky.LuckTest" file="/home/ssepheron/dbwebb-kurser/mvc/me/report/tests/Luck/LuckTest.php" line="42" assertions="1" time="0.000260"/>
        <testcase name="testGetWordForToday" class="App\Lucky\LuckTest" classname="App.Lucky.LuckTest" file="/home/ssepheron/dbwebb-kurser/mvc/me/report/tests/Luck/LuckTest.php" line="61" assertions="1" time="0.000256"/>
      </testsuite>
      <testsuite name="App\Lucky\RandomPetImageSelectorTest" file="/home/ssepheron/dbwebb-kurser/mvc/me/report/tests/Luck/RandomPetImageSelectTest.php" tests="1" assertions="1" errors="0" warnings="0" failures="0" skipped="0" time="0.003256">
        <testcase name="testRandompetImage" class="App\Lucky\RandomPetImageSelectorTest" classname="App.Lucky.RandomPetImageSelectorTest" file="/home/ssepheron/dbwebb-kurser/mvc/me/report/tests/Luck/RandomPetImageSelectTest.php" line="11" assertions="1" time="0.003256"/>
      </testsuite>
    </testsuite>
  </testsuite>
</testsuites>
