<?xml version="1.0" encoding="UTF-8"?>
<testsuites>
  <testsuite name="" tests="31" assertions="69" errors="0" warnings="0" failures="0" skipped="0" time="0.276770">
    <testsuite name="Project Test Suite" tests="31" assertions="69" errors="0" warnings="0" failures="0" skipped="0" time="0.276770">
      <testsuite name="App\Tests\Controller\AdventureController\AdventureControllerTest" file="/home/ssepheron/dbwebb-kurser/mvc/me/report/tests/Adventure/AdventureControllerTest.php" tests="1" assertions="4" errors="0" warnings="0" failures="0" skipped="0" time="0.222940">
        <testcase name="testIndex" class="App\Tests\Controller\AdventureController\AdventureControllerTest" classname="App.Tests.Controller.AdventureController.AdventureControllerTest" file="/home/ssepheron/dbwebb-kurser/mvc/me/report/tests/Adventure/AdventureControllerTest.php" line="26" assertions="4" time="0.222940"/>
      </testsuite>
      <testsuite name="App\Tests\Adventure\AdventureMechanics\AdventureMechanicsTest" file="/home/ssepheron/dbwebb-kurser/mvc/me/report/tests/Adventure/AdventureMechanicsTest.php" tests="2" assertions="2" errors="0" warnings="0" failures="0" skipped="0" time="0.001129">
        <testcase name="testCheckPasswordWithCorrectPassword" class="App\Tests\Adventure\AdventureMechanics\AdventureMechanicsTest" classname="App.Tests.Adventure.AdventureMechanics.AdventureMechanicsTest" file="/home/ssepheron/dbwebb-kurser/mvc/me/report/tests/Adventure/AdventureMechanicsTest.php" line="16" assertions="1" time="0.000643"/>
        <testcase name="testCheckPasswordWithIncorrectPassword" class="App\Tests\Adventure\AdventureMechanics\AdventureMechanicsTest" classname="App.Tests.Adventure.AdventureMechanics.AdventureMechanicsTest" file="/home/ssepheron/dbwebb-kurser/mvc/me/report/tests/Adventure/AdventureMechanicsTest.php" line="24" assertions="1" time="0.000486"/>
      </testsuite>
      <testsuite name="App\Tests\Controller\Api\ApiControllerTest" file="/home/ssepheron/dbwebb-kurser/mvc/me/report/tests/Api/ApiControllerTest.php" tests="1" assertions="6" errors="0" warnings="0" failures="0" skipped="0" time="0.002070">
        <testcase name="testDailyQuote" class="App\Tests\Controller\Api\ApiControllerTest" classname="App.Tests.Controller.Api.ApiControllerTest" file="/home/ssepheron/dbwebb-kurser/mvc/me/report/tests/Api/ApiControllerTest.php" line="10" assertions="6" time="0.002070"/>
      </testsuite>
      <testsuite name="App\Tests\Controller\CardGame\CardGameTest" file="/home/ssepheron/dbwebb-kurser/mvc/me/report/tests/Card/CardGameTest.php" tests="1" assertions="1" errors="0" warnings="0" failures="0" skipped="0" time="0.005347">
        <testcase name="testApiDeckReturnsJsonResponse" class="App\Tests\Controller\CardGame\CardGameTest" classname="App.Tests.Controller.CardGame.CardGameTest" file="/home/ssepheron/dbwebb-kurser/mvc/me/report/tests/Card/CardGameTest.php" line="29" assertions="1" time="0.005347"/>
      </testsuite>
      <testsuite name="App\Card\CardHandTest" file="/home/ssepheron/dbwebb-kurser/mvc/me/report/tests/Card/CardHandTest.php" tests="2" assertions="5" errors="0" warnings="0" failures="0" skipped="0" time="0.001464">
        <testcase name="testGetCards" class="App\Card\CardHandTest" classname="App.Card.CardHandTest" file="/home/ssepheron/dbwebb-kurser/mvc/me/report/tests/Card/CardHandTest.php" line="14" assertions="3" time="0.001177"/>
        <testcase name="testAddCard" class="App\Card\CardHandTest" classname="App.Card.CardHandTest" file="/home/ssepheron/dbwebb-kurser/mvc/me/report/tests/Card/CardHandTest.php" line="32" assertions="2" time="0.000287"/>
      </testsuite>
      <testsuite name="App\Card\CardTest" file="/home/ssepheron/dbwebb-kurser/mvc/me/report/tests/Card/CardTest.php" tests="2" assertions="3" errors="0" warnings="0" failures="0" skipped="0" time="0.000923">
        <testcase name="testConstructor" class="App\Card\CardTest" classname="App.Card.CardTest" file="/home/ssepheron/dbwebb-kurser/mvc/me/report/tests/Card/CardTest.php" line="14" assertions="2" time="0.000624"/>
        <testcase name="testgetGrapichalRepresentation" class="App\Card\CardTest" classname="App.Card.CardTest" file="/home/ssepheron/dbwebb-kurser/mvc/me/report/tests/Card/CardTest.php" line="24" assertions="1" time="0.000299"/>
      </testsuite>
      <testsuite name="App\Card\DeckOfCardsTest" file="/home/ssepheron/dbwebb-kurser/mvc/me/report/tests/Card/DeckOfCardsTest.php" tests="3" assertions="11" errors="0" warnings="0" failures="0" skipped="0" time="0.006762">
        <testcase name="testDeckInit" class="App\Card\DeckOfCardsTest" classname="App.Card.DeckOfCardsTest" file="/home/ssepheron/dbwebb-kurser/mvc/me/report/tests/Card/DeckOfCardsTest.php" line="21" assertions="5" time="0.000589"/>
        <testcase name="testShuffle" class="App\Card\DeckOfCardsTest" classname="App.Card.DeckOfCardsTest" file="/home/ssepheron/dbwebb-kurser/mvc/me/report/tests/Card/DeckOfCardsTest.php" line="43" assertions="4" time="0.003541"/>
        <testcase name="testDealCardFromDeck" class="App\Card\DeckOfCardsTest" classname="App.Card.DeckOfCardsTest" file="/home/ssepheron/dbwebb-kurser/mvc/me/report/tests/Card/DeckOfCardsTest.php" line="59" assertions="2" time="0.002633"/>
      </testsuite>
      <testsuite name="App\Card\DeckTaskTest" file="/home/ssepheron/dbwebb-kurser/mvc/me/report/tests/Card/DeckTaskTest.php" tests="1" assertions="1" errors="0" warnings="0" failures="0" skipped="0" time="0.005480">
        <testcase name="testShuffleDeck" class="App\Card\DeckTaskTest" classname="App.Card.DeckTaskTest" file="/home/ssepheron/dbwebb-kurser/mvc/me/report/tests/Card/DeckTaskTest.php" line="12" assertions="1" time="0.005480"/>
      </testsuite>
      <testsuite name="App\Card\Game21DrawTest" file="/home/ssepheron/dbwebb-kurser/mvc/me/report/tests/Card/Game21DrawTest.php" tests="1" assertions="3" errors="0" warnings="0" failures="0" skipped="0" time="0.007904">
        <testcase name="testGetDeckFromSession" class="App\Card\Game21DrawTest" classname="App.Card.Game21DrawTest" file="/home/ssepheron/dbwebb-kurser/mvc/me/report/tests/Card/Game21DrawTest.php" line="14" assertions="3" time="0.007904"/>
      </testsuite>
      <testsuite name="App\Card\GameTest" file="/home/ssepheron/dbwebb-kurser/mvc/me/report/tests/Card/GameTest.php" tests="1" assertions="1" errors="0" warnings="0" failures="0" skipped="0" time="0.006459">
        <testcase name="testInitializeGame" class="App\Card\GameTest" classname="App.Card.GameTest" file="/home/ssepheron/dbwebb-kurser/mvc/me/report/tests/Card/GameTest.php" line="21" assertions="1" time="0.006459"/>
      </testsuite>
      <testsuite name="App\Card\PlayerTest" file="/home/ssepheron/dbwebb-kurser/mvc/me/report/tests/Card/PlayerTest.php" tests="4" assertions="8" errors="0" warnings="0" failures="0" skipped="0" time="0.003359">
        <testcase name="testConstructorInitCardHand" class="App\Card\PlayerTest" classname="App.Card.PlayerTest" file="/home/ssepheron/dbwebb-kurser/mvc/me/report/tests/Card/PlayerTest.php" line="16" assertions="2" time="0.000445"/>
        <testcase name="testDrawCard" class="App\Card\PlayerTest" classname="App.Card.PlayerTest" file="/home/ssepheron/dbwebb-kurser/mvc/me/report/tests/Card/PlayerTest.php" line="32" assertions="3" time="0.000318"/>
        <testcase name="testGetHand" class="App\Card\PlayerTest" classname="App.Card.PlayerTest" file="/home/ssepheron/dbwebb-kurser/mvc/me/report/tests/Card/PlayerTest.php" line="49" assertions="2" time="0.000388"/>
        <testcase name="testCalculateScoreAces" class="App\Card\PlayerTest" classname="App.Card.PlayerTest" file="/home/ssepheron/dbwebb-kurser/mvc/me/report/tests/Card/PlayerTest.php" line="76" assertions="1" time="0.002207"/>
      </testsuite>
      <testsuite name="App\Dice\DiceGameTaskTest" file="/home/ssepheron/dbwebb-kurser/mvc/me/report/tests/Dice/DiceGameTaskTest.php" tests="1" assertions="5" errors="0" warnings="0" failures="0" skipped="0" time="0.001257">
        <testcase name="testRollDiceHand" class="App\Dice\DiceGameTaskTest" classname="App.Dice.DiceGameTaskTest" file="/home/ssepheron/dbwebb-kurser/mvc/me/report/tests/Dice/DiceGameTaskTest.php" line="10" assertions="5" time="0.001257"/>
      </testsuite>
      <testsuite name="App\Dice\DiceGraphicTest" file="/home/ssepheron/dbwebb-kurser/mvc/me/report/tests/Dice/DiceGraphicTest.php" tests="1" assertions="1" errors="0" warnings="0" failures="0" skipped="0" time="0.000311">
        <testcase name="testGetAsString" class="App\Dice\DiceGraphicTest" classname="App.Dice.DiceGraphicTest" file="/home/ssepheron/dbwebb-kurser/mvc/me/report/tests/Dice/DiceGraphicTest.php" line="12" assertions="1" time="0.000311"/>
      </testsuite>
      <testsuite name="App\Dice\DiceHandTest" file="/home/ssepheron/dbwebb-kurser/mvc/me/report/tests/Dice/DiceHandTest.php" tests="2" assertions="4" errors="0" warnings="0" failures="0" skipped="0" time="0.001638">
        <testcase name="testAdd" class="App\Dice\DiceHandTest" classname="App.Dice.DiceHandTest" file="/home/ssepheron/dbwebb-kurser/mvc/me/report/tests/Dice/DiceHandTest.php" line="23" assertions="2" time="0.000894"/>
        <testcase name="testRoll" class="App\Dice\DiceHandTest" classname="App.Dice.DiceHandTest" file="/home/ssepheron/dbwebb-kurser/mvc/me/report/tests/Dice/DiceHandTest.php" line="44" assertions="2" time="0.000744"/>
      </testsuite>
      <testsuite name="App\Dice\DiceTest" file="/home/ssepheron/dbwebb-kurser/mvc/me/report/tests/Dice/DiceTest.php" tests="1" assertions="2" errors="0" warnings="0" failures="0" skipped="0" time="0.000316">
        <testcase name="testcreateDice" class="App\Dice\DiceTest" classname="App.Dice.DiceTest" file="/home/ssepheron/dbwebb-kurser/mvc/me/report/tests/Dice/DiceTest.php" line="16" assertions="2" time="0.000316"/>
      </testsuite>
      <testsuite name="App\Library\LibraryTest" file="/home/ssepheron/dbwebb-kurser/mvc/me/report/tests/Library/LibraryTest.php" tests="1" assertions="6" errors="0" warnings="0" failures="0" skipped="0" time="0.003685">
        <testcase name="testCreateOrUpdateBook" class="App\Library\LibraryTest" classname="App.Library.LibraryTest" file="/home/ssepheron/dbwebb-kurser/mvc/me/report/tests/Library/LibraryTest.php" line="14" assertions="6" time="0.003685"/>
      </testsuite>
      <testsuite name="App\Lucky\LuckTest" file="/home/ssepheron/dbwebb-kurser/mvc/me/report/tests/Luck/LuckTest.php" tests="5" assertions="5" errors="0" warnings="0" failures="0" skipped="0" time="0.002227">
        <testcase name="testGetGreetingMorning" class="App\Lucky\LuckTest" classname="App.Lucky.LuckTest" file="/home/ssepheron/dbwebb-kurser/mvc/me/report/tests/Luck/LuckTest.php" line="12" assertions="1" time="0.001012"/>
        <testcase name="testGetGreetingAfternoon" class="App\Lucky\LuckTest" classname="App.Lucky.LuckTest" file="/home/ssepheron/dbwebb-kurser/mvc/me/report/tests/Luck/LuckTest.php" line="22" assertions="1" time="0.000294"/>
        <testcase name="testGetGreetingEvening" class="App\Lucky\LuckTest" classname="App.Lucky.LuckTest" file="/home/ssepheron/dbwebb-kurser/mvc/me/report/tests/Luck/LuckTest.php" line="32" assertions="1" time="0.000337"/>
        <testcase name="testGetTranslatedDayOfWeek" class="App\Lucky\LuckTest" classname="App.Lucky.LuckTest" file="/home/ssepheron/dbwebb-kurser/mvc/me/report/tests/Luck/LuckTest.php" line="42" assertions="1" time="0.000326"/>
        <testcase name="testGetWordForToday" class="App\Lucky\LuckTest" classname="App.Lucky.LuckTest" file="/home/ssepheron/dbwebb-kurser/mvc/me/report/tests/Luck/LuckTest.php" line="61" assertions="1" time="0.000259"/>
      </testsuite>
      <testsuite name="App\Lucky\RandomPetImageSelectorTest" file="/home/ssepheron/dbwebb-kurser/mvc/me/report/tests/Luck/RandomPetImageSelectTest.php" tests="1" assertions="1" errors="0" warnings="0" failures="0" skipped="0" time="0.003497">
        <testcase name="testRandompetImage" class="App\Lucky\RandomPetImageSelectorTest" classname="App.Lucky.RandomPetImageSelectorTest" file="/home/ssepheron/dbwebb-kurser/mvc/me/report/tests/Luck/RandomPetImageSelectTest.php" line="11" assertions="1" time="0.003497"/>
      </testsuite>
    </testsuite>
  </testsuite>
</testsuites>
