<?xml version="1.0" encoding="UTF-8"?>
<testsuites>
  <testsuite name="" tests="47" assertions="90" errors="0" warnings="0" failures="0" skipped="0" time="0.452429">
    <testsuite name="Project Test Suite" tests="47" assertions="90" errors="0" warnings="0" failures="0" skipped="0" time="0.452429">
      <testsuite name="App\Test\Controller\ProjectController\AdventureControllerTest" file="/home/ssepheron/dbwebb-kurser/mvc/me/report/tests/Adventure/AdventureControllerTest.php" tests="1" assertions="1" errors="0" warnings="0" failures="0" skipped="0" time="0.214115">
        <testcase name="testAdventureClear" class="App\Test\Controller\ProjectController\AdventureControllerTest" classname="App.Test.Controller.ProjectController.AdventureControllerTest" file="/home/ssepheron/dbwebb-kurser/mvc/me/report/tests/Adventure/AdventureControllerTest.php" line="22" assertions="1" time="0.214115"/>
      </testsuite>
      <testsuite name="App\Tests\Adventure\AdventureDevice\AdventureDeviceTest" file="/home/ssepheron/dbwebb-kurser/mvc/me/report/tests/Adventure/AdventureDeviceTest.php" tests="1" assertions="1" errors="0" warnings="0" failures="0" skipped="0" time="0.000718">
        <testcase name="testEncryptText" class="App\Tests\Adventure\AdventureDevice\AdventureDeviceTest" classname="App.Tests.Adventure.AdventureDevice.AdventureDeviceTest" file="/home/ssepheron/dbwebb-kurser/mvc/me/report/tests/Adventure/AdventureDeviceTest.php" line="10" assertions="1" time="0.000718"/>
      </testsuite>
      <testsuite name="App\Tests\Adventure\AdventureInventory\AdventureInventoryTest" file="/home/ssepheron/dbwebb-kurser/mvc/me/report/tests/Adventure/AdventureInventoryTest.php" tests="4" assertions="8" errors="0" warnings="0" failures="0" skipped="0" time="0.010287">
        <testcase name="testGetAllAdventures" class="App\Tests\Adventure\AdventureInventory\AdventureInventoryTest" classname="App.Tests.Adventure.AdventureInventory.AdventureInventoryTest" file="/home/ssepheron/dbwebb-kurser/mvc/me/report/tests/Adventure/AdventureInventoryTest.php" line="20" assertions="1" time="0.004896"/>
        <testcase name="testClearAdventures" class="App\Tests\Adventure\AdventureInventory\AdventureInventoryTest" classname="App.Tests.Adventure.AdventureInventory.AdventureInventoryTest" file="/home/ssepheron/dbwebb-kurser/mvc/me/report/tests/Adventure/AdventureInventoryTest.php" line="40" assertions="1" time="0.002762"/>
        <testcase name="testAdventureExists" class="App\Tests\Adventure\AdventureInventory\AdventureInventoryTest" classname="App.Tests.Adventure.AdventureInventory.AdventureInventoryTest" file="/home/ssepheron/dbwebb-kurser/mvc/me/report/tests/Adventure/AdventureInventoryTest.php" line="65" assertions="3" time="0.001369"/>
        <testcase name="testAdventureDoesNotExist" class="App\Tests\Adventure\AdventureInventory\AdventureInventoryTest" classname="App.Tests.Adventure.AdventureInventory.AdventureInventoryTest" file="/home/ssepheron/dbwebb-kurser/mvc/me/report/tests/Adventure/AdventureInventoryTest.php" line="90" assertions="3" time="0.001260"/>
      </testsuite>
      <testsuite name="App\Tests\Adventure\AdventureMechanics\AdventureMechanicsTest" file="/home/ssepheron/dbwebb-kurser/mvc/me/report/tests/Adventure/AdventureMechanicsTest.php" tests="2" assertions="2" errors="0" warnings="0" failures="0" skipped="0" time="0.000782">
        <testcase name="testCheckPasswordWithCorrectPassword" class="App\Tests\Adventure\AdventureMechanics\AdventureMechanicsTest" classname="App.Tests.Adventure.AdventureMechanics.AdventureMechanicsTest" file="/home/ssepheron/dbwebb-kurser/mvc/me/report/tests/Adventure/AdventureMechanicsTest.php" line="16" assertions="1" time="0.000523"/>
        <testcase name="testCheckPasswordWithIncorrectPassword" class="App\Tests\Adventure\AdventureMechanics\AdventureMechanicsTest" classname="App.Tests.Adventure.AdventureMechanics.AdventureMechanicsTest" file="/home/ssepheron/dbwebb-kurser/mvc/me/report/tests/Adventure/AdventureMechanicsTest.php" line="24" assertions="1" time="0.000259"/>
      </testsuite>
      <testsuite name="App\Test\Controller\ProjectController\ProjectControllerTest" file="/home/ssepheron/dbwebb-kurser/mvc/me/report/tests/Adventure/ProjectControllerTest.php" tests="11" assertions="15" errors="0" warnings="0" failures="0" skipped="0" time="0.180216">
        <testcase name="testProjHome" class="App\Test\Controller\ProjectController\ProjectControllerTest" classname="App.Test.Controller.ProjectController.ProjectControllerTest" file="/home/ssepheron/dbwebb-kurser/mvc/me/report/tests/Adventure/ProjectControllerTest.php" line="11" assertions="3" time="0.023879"/>
        <testcase name="testProjAbout" class="App\Test\Controller\ProjectController\ProjectControllerTest" classname="App.Test.Controller.ProjectController.ProjectControllerTest" file="/home/ssepheron/dbwebb-kurser/mvc/me/report/tests/Adventure/ProjectControllerTest.php" line="21" assertions="3" time="0.013222"/>
        <testcase name="testProjStart" class="App\Test\Controller\ProjectController\ProjectControllerTest" classname="App.Test.Controller.ProjectController.ProjectControllerTest" file="/home/ssepheron/dbwebb-kurser/mvc/me/report/tests/Adventure/ProjectControllerTest.php" line="31" assertions="1" time="0.013919"/>
        <testcase name="testProjSecondRoom" class="App\Test\Controller\ProjectController\ProjectControllerTest" classname="App.Test.Controller.ProjectController.ProjectControllerTest" file="/home/ssepheron/dbwebb-kurser/mvc/me/report/tests/Adventure/ProjectControllerTest.php" line="53" assertions="1" time="0.014107"/>
        <testcase name="testProjThirdRoom" class="App\Test\Controller\ProjectController\ProjectControllerTest" classname="App.Test.Controller.ProjectController.ProjectControllerTest" file="/home/ssepheron/dbwebb-kurser/mvc/me/report/tests/Adventure/ProjectControllerTest.php" line="75" assertions="1" time="0.014498"/>
        <testcase name="testProjOpenCabin" class="App\Test\Controller\ProjectController\ProjectControllerTest" classname="App.Test.Controller.ProjectController.ProjectControllerTest" file="/home/ssepheron/dbwebb-kurser/mvc/me/report/tests/Adventure/ProjectControllerTest.php" line="96" assertions="1" time="0.015872"/>
        <testcase name="testProjServerPassed" class="App\Test\Controller\ProjectController\ProjectControllerTest" classname="App.Test.Controller.ProjectController.ProjectControllerTest" file="/home/ssepheron/dbwebb-kurser/mvc/me/report/tests/Adventure/ProjectControllerTest.php" line="117" assertions="1" time="0.015079"/>
        <testcase name="testProjServerDialogOne" class="App\Test\Controller\ProjectController\ProjectControllerTest" classname="App.Test.Controller.ProjectController.ProjectControllerTest" file="/home/ssepheron/dbwebb-kurser/mvc/me/report/tests/Adventure/ProjectControllerTest.php" line="138" assertions="1" time="0.019703"/>
        <testcase name="testProjServerDialogTwo" class="App\Test\Controller\ProjectController\ProjectControllerTest" classname="App.Test.Controller.ProjectController.ProjectControllerTest" file="/home/ssepheron/dbwebb-kurser/mvc/me/report/tests/Adventure/ProjectControllerTest.php" line="159" assertions="1" time="0.015932"/>
        <testcase name="testProjServerFinalTwo" class="App\Test\Controller\ProjectController\ProjectControllerTest" classname="App.Test.Controller.ProjectController.ProjectControllerTest" file="/home/ssepheron/dbwebb-kurser/mvc/me/report/tests/Adventure/ProjectControllerTest.php" line="180" assertions="1" time="0.019688"/>
        <testcase name="testProjServerFinal" class="App\Test\Controller\ProjectController\ProjectControllerTest" classname="App.Test.Controller.ProjectController.ProjectControllerTest" file="/home/ssepheron/dbwebb-kurser/mvc/me/report/tests/Adventure/ProjectControllerTest.php" line="201" assertions="1" time="0.014319"/>
      </testsuite>
      <testsuite name="App\Tests\Controller\Api\ApiControllerTest" file="/home/ssepheron/dbwebb-kurser/mvc/me/report/tests/Api/ApiControllerTest.php" tests="1" assertions="6" errors="0" warnings="0" failures="0" skipped="0" time="0.002842">
        <testcase name="testDailyQuote" class="App\Tests\Controller\Api\ApiControllerTest" classname="App.Tests.Controller.Api.ApiControllerTest" file="/home/ssepheron/dbwebb-kurser/mvc/me/report/tests/Api/ApiControllerTest.php" line="10" assertions="6" time="0.002842"/>
      </testsuite>
      <testsuite name="App\Tests\Controller\CardGame\CardGameTest" file="/home/ssepheron/dbwebb-kurser/mvc/me/report/tests/Card/CardGameTest.php" tests="1" assertions="1" errors="0" warnings="0" failures="0" skipped="0" time="0.004362">
        <testcase name="testApiDeckReturnsJsonResponse" class="App\Tests\Controller\CardGame\CardGameTest" classname="App.Tests.Controller.CardGame.CardGameTest" file="/home/ssepheron/dbwebb-kurser/mvc/me/report/tests/Card/CardGameTest.php" line="29" assertions="1" time="0.004362"/>
      </testsuite>
      <testsuite name="App\Card\CardHandTest" file="/home/ssepheron/dbwebb-kurser/mvc/me/report/tests/Card/CardHandTest.php" tests="2" assertions="5" errors="0" warnings="0" failures="0" skipped="0" time="0.001234">
        <testcase name="testGetCards" class="App\Card\CardHandTest" classname="App.Card.CardHandTest" file="/home/ssepheron/dbwebb-kurser/mvc/me/report/tests/Card/CardHandTest.php" line="14" assertions="3" time="0.000944"/>
        <testcase name="testAddCard" class="App\Card\CardHandTest" classname="App.Card.CardHandTest" file="/home/ssepheron/dbwebb-kurser/mvc/me/report/tests/Card/CardHandTest.php" line="32" assertions="2" time="0.000290"/>
      </testsuite>
      <testsuite name="App\Card\CardTest" file="/home/ssepheron/dbwebb-kurser/mvc/me/report/tests/Card/CardTest.php" tests="2" assertions="3" errors="0" warnings="0" failures="0" skipped="0" time="0.000531">
        <testcase name="testConstructor" class="App\Card\CardTest" classname="App.Card.CardTest" file="/home/ssepheron/dbwebb-kurser/mvc/me/report/tests/Card/CardTest.php" line="14" assertions="2" time="0.000264"/>
        <testcase name="testgetGrapichalRepresentation" class="App\Card\CardTest" classname="App.Card.CardTest" file="/home/ssepheron/dbwebb-kurser/mvc/me/report/tests/Card/CardTest.php" line="24" assertions="1" time="0.000267"/>
      </testsuite>
      <testsuite name="App\Card\DeckOfCardsTest" file="/home/ssepheron/dbwebb-kurser/mvc/me/report/tests/Card/DeckOfCardsTest.php" tests="3" assertions="11" errors="0" warnings="0" failures="0" skipped="0" time="0.007273">
        <testcase name="testDeckInit" class="App\Card\DeckOfCardsTest" classname="App.Card.DeckOfCardsTest" file="/home/ssepheron/dbwebb-kurser/mvc/me/report/tests/Card/DeckOfCardsTest.php" line="21" assertions="5" time="0.000455"/>
        <testcase name="testShuffle" class="App\Card\DeckOfCardsTest" classname="App.Card.DeckOfCardsTest" file="/home/ssepheron/dbwebb-kurser/mvc/me/report/tests/Card/DeckOfCardsTest.php" line="43" assertions="4" time="0.003766"/>
        <testcase name="testDealCardFromDeck" class="App\Card\DeckOfCardsTest" classname="App.Card.DeckOfCardsTest" file="/home/ssepheron/dbwebb-kurser/mvc/me/report/tests/Card/DeckOfCardsTest.php" line="59" assertions="2" time="0.003052"/>
      </testsuite>
      <testsuite name="App\Card\DeckTaskTest" file="/home/ssepheron/dbwebb-kurser/mvc/me/report/tests/Card/DeckTaskTest.php" tests="1" assertions="1" errors="0" warnings="0" failures="0" skipped="0" time="0.006424">
        <testcase name="testShuffleDeck" class="App\Card\DeckTaskTest" classname="App.Card.DeckTaskTest" file="/home/ssepheron/dbwebb-kurser/mvc/me/report/tests/Card/DeckTaskTest.php" line="12" assertions="1" time="0.006424"/>
      </testsuite>
      <testsuite name="App\Card\Game21DrawTest" file="/home/ssepheron/dbwebb-kurser/mvc/me/report/tests/Card/Game21DrawTest.php" tests="1" assertions="3" errors="0" warnings="0" failures="0" skipped="0" time="0.007961">
        <testcase name="testGetDeckFromSession" class="App\Card\Game21DrawTest" classname="App.Card.Game21DrawTest" file="/home/ssepheron/dbwebb-kurser/mvc/me/report/tests/Card/Game21DrawTest.php" line="14" assertions="3" time="0.007961"/>
      </testsuite>
      <testsuite name="App\Card\GameTest" file="/home/ssepheron/dbwebb-kurser/mvc/me/report/tests/Card/GameTest.php" tests="1" assertions="1" errors="0" warnings="0" failures="0" skipped="0" time="0.002276">
        <testcase name="testInitializeGame" class="App\Card\GameTest" classname="App.Card.GameTest" file="/home/ssepheron/dbwebb-kurser/mvc/me/report/tests/Card/GameTest.php" line="21" assertions="1" time="0.002276"/>
      </testsuite>
      <testsuite name="App\Card\PlayerTest" file="/home/ssepheron/dbwebb-kurser/mvc/me/report/tests/Card/PlayerTest.php" tests="4" assertions="8" errors="0" warnings="0" failures="0" skipped="0" time="0.002201">
        <testcase name="testConstructorInitCardHand" class="App\Card\PlayerTest" classname="App.Card.PlayerTest" file="/home/ssepheron/dbwebb-kurser/mvc/me/report/tests/Card/PlayerTest.php" line="16" assertions="2" time="0.000339"/>
        <testcase name="testDrawCard" class="App\Card\PlayerTest" classname="App.Card.PlayerTest" file="/home/ssepheron/dbwebb-kurser/mvc/me/report/tests/Card/PlayerTest.php" line="32" assertions="3" time="0.000303"/>
        <testcase name="testGetHand" class="App\Card\PlayerTest" classname="App.Card.PlayerTest" file="/home/ssepheron/dbwebb-kurser/mvc/me/report/tests/Card/PlayerTest.php" line="49" assertions="2" time="0.000290"/>
        <testcase name="testCalculateScoreAces" class="App\Card\PlayerTest" classname="App.Card.PlayerTest" file="/home/ssepheron/dbwebb-kurser/mvc/me/report/tests/Card/PlayerTest.php" line="76" assertions="1" time="0.001269"/>
      </testsuite>
      <testsuite name="App\Dice\DiceGameTaskTest" file="/home/ssepheron/dbwebb-kurser/mvc/me/report/tests/Dice/DiceGameTaskTest.php" tests="1" assertions="5" errors="0" warnings="0" failures="0" skipped="0" time="0.001368">
        <testcase name="testRollDiceHand" class="App\Dice\DiceGameTaskTest" classname="App.Dice.DiceGameTaskTest" file="/home/ssepheron/dbwebb-kurser/mvc/me/report/tests/Dice/DiceGameTaskTest.php" line="10" assertions="5" time="0.001368"/>
      </testsuite>
      <testsuite name="App\Dice\DiceGraphicTest" file="/home/ssepheron/dbwebb-kurser/mvc/me/report/tests/Dice/DiceGraphicTest.php" tests="1" assertions="1" errors="0" warnings="0" failures="0" skipped="0" time="0.000413">
        <testcase name="testGetAsString" class="App\Dice\DiceGraphicTest" classname="App.Dice.DiceGraphicTest" file="/home/ssepheron/dbwebb-kurser/mvc/me/report/tests/Dice/DiceGraphicTest.php" line="12" assertions="1" time="0.000413"/>
      </testsuite>
      <testsuite name="App\Dice\DiceHandTest" file="/home/ssepheron/dbwebb-kurser/mvc/me/report/tests/Dice/DiceHandTest.php" tests="2" assertions="4" errors="0" warnings="0" failures="0" skipped="0" time="0.001514">
        <testcase name="testAdd" class="App\Dice\DiceHandTest" classname="App.Dice.DiceHandTest" file="/home/ssepheron/dbwebb-kurser/mvc/me/report/tests/Dice/DiceHandTest.php" line="23" assertions="2" time="0.000780"/>
        <testcase name="testRoll" class="App\Dice\DiceHandTest" classname="App.Dice.DiceHandTest" file="/home/ssepheron/dbwebb-kurser/mvc/me/report/tests/Dice/DiceHandTest.php" line="44" assertions="2" time="0.000734"/>
      </testsuite>
      <testsuite name="App\Dice\DiceTest" file="/home/ssepheron/dbwebb-kurser/mvc/me/report/tests/Dice/DiceTest.php" tests="1" assertions="2" errors="0" warnings="0" failures="0" skipped="0" time="0.000271">
        <testcase name="testcreateDice" class="App\Dice\DiceTest" classname="App.Dice.DiceTest" file="/home/ssepheron/dbwebb-kurser/mvc/me/report/tests/Dice/DiceTest.php" line="16" assertions="2" time="0.000271"/>
      </testsuite>
      <testsuite name="App\Library\LibraryTest" file="/home/ssepheron/dbwebb-kurser/mvc/me/report/tests/Library/LibraryTest.php" tests="1" assertions="6" errors="0" warnings="0" failures="0" skipped="0" time="0.002828">
        <testcase name="testCreateOrUpdateBook" class="App\Library\LibraryTest" classname="App.Library.LibraryTest" file="/home/ssepheron/dbwebb-kurser/mvc/me/report/tests/Library/LibraryTest.php" line="14" assertions="6" time="0.002828"/>
      </testsuite>
      <testsuite name="App\Lucky\LuckTest" file="/home/ssepheron/dbwebb-kurser/mvc/me/report/tests/Luck/LuckTest.php" tests="5" assertions="5" errors="0" warnings="0" failures="0" skipped="0" time="0.002180">
        <testcase name="testGetGreetingMorning" class="App\Lucky\LuckTest" classname="App.Lucky.LuckTest" file="/home/ssepheron/dbwebb-kurser/mvc/me/report/tests/Luck/LuckTest.php" line="12" assertions="1" time="0.000918"/>
        <testcase name="testGetGreetingAfternoon" class="App\Lucky\LuckTest" classname="App.Lucky.LuckTest" file="/home/ssepheron/dbwebb-kurser/mvc/me/report/tests/Luck/LuckTest.php" line="22" assertions="1" time="0.000432"/>
        <testcase name="testGetGreetingEvening" class="App\Lucky\LuckTest" classname="App.Lucky.LuckTest" file="/home/ssepheron/dbwebb-kurser/mvc/me/report/tests/Luck/LuckTest.php" line="32" assertions="1" time="0.000301"/>
        <testcase name="testGetTranslatedDayOfWeek" class="App\Lucky\LuckTest" classname="App.Lucky.LuckTest" file="/home/ssepheron/dbwebb-kurser/mvc/me/report/tests/Luck/LuckTest.php" line="42" assertions="1" time="0.000275"/>
        <testcase name="testGetWordForToday" class="App\Lucky\LuckTest" classname="App.Lucky.LuckTest" file="/home/ssepheron/dbwebb-kurser/mvc/me/report/tests/Luck/LuckTest.php" line="61" assertions="1" time="0.000253"/>
      </testsuite>
      <testsuite name="App\Lucky\RandomPetImageSelectorTest" file="/home/ssepheron/dbwebb-kurser/mvc/me/report/tests/Luck/RandomPetImageSelectTest.php" tests="1" assertions="1" errors="0" warnings="0" failures="0" skipped="0" time="0.002633">
        <testcase name="testRandompetImage" class="App\Lucky\RandomPetImageSelectorTest" classname="App.Lucky.RandomPetImageSelectorTest" file="/home/ssepheron/dbwebb-kurser/mvc/me/report/tests/Luck/RandomPetImageSelectTest.php" line="11" assertions="1" time="0.002633"/>
      </testsuite>
    </testsuite>
  </testsuite>
</testsuites>
