<?xml version="1.0" encoding="UTF-8"?>
<testsuites>
  <testsuite name="" tests="35" assertions="74" errors="0" warnings="0" failures="0" skipped="0" time="0.095645">
    <testsuite name="Project Test Suite" tests="35" assertions="74" errors="0" warnings="0" failures="0" skipped="0" time="0.095645">
      <testsuite name="App\Tests\Adventure\AdventureDevice\AdventureDeviceTest" file="/home/ssepheron/dbwebb-kurser/mvc/me/report/tests/Adventure/AdventureDeviceTest.php" tests="1" assertions="1" errors="0" warnings="0" failures="0" skipped="0" time="0.005635">
        <testcase name="testEncryptText" class="App\Tests\Adventure\AdventureDevice\AdventureDeviceTest" classname="App.Tests.Adventure.AdventureDevice.AdventureDeviceTest" file="/home/ssepheron/dbwebb-kurser/mvc/me/report/tests/Adventure/AdventureDeviceTest.php" line="10" assertions="1" time="0.005635"/>
      </testsuite>
      <testsuite name="App\Tests\Adventure\AdventureInventory\AdventureInventoryTest" file="/home/ssepheron/dbwebb-kurser/mvc/me/report/tests/Adventure/AdventureInventoryTest.php" tests="4" assertions="8" errors="0" warnings="0" failures="0" skipped="0" time="0.024465">
        <testcase name="testGetAllAdventures" class="App\Tests\Adventure\AdventureInventory\AdventureInventoryTest" classname="App.Tests.Adventure.AdventureInventory.AdventureInventoryTest" file="/home/ssepheron/dbwebb-kurser/mvc/me/report/tests/Adventure/AdventureInventoryTest.php" line="20" assertions="1" time="0.020409"/>
        <testcase name="testClearAdventures" class="App\Tests\Adventure\AdventureInventory\AdventureInventoryTest" classname="App.Tests.Adventure.AdventureInventory.AdventureInventoryTest" file="/home/ssepheron/dbwebb-kurser/mvc/me/report/tests/Adventure/AdventureInventoryTest.php" line="40" assertions="1" time="0.002142"/>
        <testcase name="testAdventureExists" class="App\Tests\Adventure\AdventureInventory\AdventureInventoryTest" classname="App.Tests.Adventure.AdventureInventory.AdventureInventoryTest" file="/home/ssepheron/dbwebb-kurser/mvc/me/report/tests/Adventure/AdventureInventoryTest.php" line="65" assertions="3" time="0.000841"/>
        <testcase name="testAdventureDoesNotExist" class="App\Tests\Adventure\AdventureInventory\AdventureInventoryTest" classname="App.Tests.Adventure.AdventureInventory.AdventureInventoryTest" file="/home/ssepheron/dbwebb-kurser/mvc/me/report/tests/Adventure/AdventureInventoryTest.php" line="90" assertions="3" time="0.001073"/>
      </testsuite>
      <testsuite name="App\Tests\Adventure\AdventureMechanics\AdventureMechanicsTest" file="/home/ssepheron/dbwebb-kurser/mvc/me/report/tests/Adventure/AdventureMechanicsTest.php" tests="2" assertions="2" errors="0" warnings="0" failures="0" skipped="0" time="0.001016">
        <testcase name="testCheckPasswordWithCorrectPassword" class="App\Tests\Adventure\AdventureMechanics\AdventureMechanicsTest" classname="App.Tests.Adventure.AdventureMechanics.AdventureMechanicsTest" file="/home/ssepheron/dbwebb-kurser/mvc/me/report/tests/Adventure/AdventureMechanicsTest.php" line="16" assertions="1" time="0.000760"/>
        <testcase name="testCheckPasswordWithIncorrectPassword" class="App\Tests\Adventure\AdventureMechanics\AdventureMechanicsTest" classname="App.Tests.Adventure.AdventureMechanics.AdventureMechanicsTest" file="/home/ssepheron/dbwebb-kurser/mvc/me/report/tests/Adventure/AdventureMechanicsTest.php" line="24" assertions="1" time="0.000256"/>
      </testsuite>
      <testsuite name="App\Tests\Controller\Api\ApiControllerTest" file="/home/ssepheron/dbwebb-kurser/mvc/me/report/tests/Api/ApiControllerTest.php" tests="1" assertions="6" errors="0" warnings="0" failures="0" skipped="0" time="0.010040">
        <testcase name="testDailyQuote" class="App\Tests\Controller\Api\ApiControllerTest" classname="App.Tests.Controller.Api.ApiControllerTest" file="/home/ssepheron/dbwebb-kurser/mvc/me/report/tests/Api/ApiControllerTest.php" line="10" assertions="6" time="0.010040"/>
      </testsuite>
      <testsuite name="App\Tests\Controller\CardGame\CardGameTest" file="/home/ssepheron/dbwebb-kurser/mvc/me/report/tests/Card/CardGameTest.php" tests="1" assertions="1" errors="0" warnings="0" failures="0" skipped="0" time="0.004524">
        <testcase name="testApiDeckReturnsJsonResponse" class="App\Tests\Controller\CardGame\CardGameTest" classname="App.Tests.Controller.CardGame.CardGameTest" file="/home/ssepheron/dbwebb-kurser/mvc/me/report/tests/Card/CardGameTest.php" line="29" assertions="1" time="0.004524"/>
      </testsuite>
      <testsuite name="App\Card\CardHandTest" file="/home/ssepheron/dbwebb-kurser/mvc/me/report/tests/Card/CardHandTest.php" tests="2" assertions="5" errors="0" warnings="0" failures="0" skipped="0" time="0.001325">
        <testcase name="testGetCards" class="App\Card\CardHandTest" classname="App.Card.CardHandTest" file="/home/ssepheron/dbwebb-kurser/mvc/me/report/tests/Card/CardHandTest.php" line="14" assertions="3" time="0.001071"/>
        <testcase name="testAddCard" class="App\Card\CardHandTest" classname="App.Card.CardHandTest" file="/home/ssepheron/dbwebb-kurser/mvc/me/report/tests/Card/CardHandTest.php" line="32" assertions="2" time="0.000254"/>
      </testsuite>
      <testsuite name="App\Card\CardTest" file="/home/ssepheron/dbwebb-kurser/mvc/me/report/tests/Card/CardTest.php" tests="2" assertions="3" errors="0" warnings="0" failures="0" skipped="0" time="0.000482">
        <testcase name="testConstructor" class="App\Card\CardTest" classname="App.Card.CardTest" file="/home/ssepheron/dbwebb-kurser/mvc/me/report/tests/Card/CardTest.php" line="14" assertions="2" time="0.000239"/>
        <testcase name="testgetGrapichalRepresentation" class="App\Card\CardTest" classname="App.Card.CardTest" file="/home/ssepheron/dbwebb-kurser/mvc/me/report/tests/Card/CardTest.php" line="24" assertions="1" time="0.000243"/>
      </testsuite>
      <testsuite name="App\Card\DeckOfCardsTest" file="/home/ssepheron/dbwebb-kurser/mvc/me/report/tests/Card/DeckOfCardsTest.php" tests="3" assertions="11" errors="0" warnings="0" failures="0" skipped="0" time="0.007801">
        <testcase name="testDeckInit" class="App\Card\DeckOfCardsTest" classname="App.Card.DeckOfCardsTest" file="/home/ssepheron/dbwebb-kurser/mvc/me/report/tests/Card/DeckOfCardsTest.php" line="21" assertions="5" time="0.000470"/>
        <testcase name="testShuffle" class="App\Card\DeckOfCardsTest" classname="App.Card.DeckOfCardsTest" file="/home/ssepheron/dbwebb-kurser/mvc/me/report/tests/Card/DeckOfCardsTest.php" line="43" assertions="4" time="0.004198"/>
        <testcase name="testDealCardFromDeck" class="App\Card\DeckOfCardsTest" classname="App.Card.DeckOfCardsTest" file="/home/ssepheron/dbwebb-kurser/mvc/me/report/tests/Card/DeckOfCardsTest.php" line="59" assertions="2" time="0.003133"/>
      </testsuite>
      <testsuite name="App\Card\DeckTaskTest" file="/home/ssepheron/dbwebb-kurser/mvc/me/report/tests/Card/DeckTaskTest.php" tests="1" assertions="1" errors="0" warnings="0" failures="0" skipped="0" time="0.005552">
        <testcase name="testShuffleDeck" class="App\Card\DeckTaskTest" classname="App.Card.DeckTaskTest" file="/home/ssepheron/dbwebb-kurser/mvc/me/report/tests/Card/DeckTaskTest.php" line="12" assertions="1" time="0.005552"/>
      </testsuite>
      <testsuite name="App\Card\Game21DrawTest" file="/home/ssepheron/dbwebb-kurser/mvc/me/report/tests/Card/Game21DrawTest.php" tests="1" assertions="3" errors="0" warnings="0" failures="0" skipped="0" time="0.008377">
        <testcase name="testGetDeckFromSession" class="App\Card\Game21DrawTest" classname="App.Card.Game21DrawTest" file="/home/ssepheron/dbwebb-kurser/mvc/me/report/tests/Card/Game21DrawTest.php" line="14" assertions="3" time="0.008377"/>
      </testsuite>
      <testsuite name="App\Card\GameTest" file="/home/ssepheron/dbwebb-kurser/mvc/me/report/tests/Card/GameTest.php" tests="1" assertions="1" errors="0" warnings="0" failures="0" skipped="0" time="0.002329">
        <testcase name="testInitializeGame" class="App\Card\GameTest" classname="App.Card.GameTest" file="/home/ssepheron/dbwebb-kurser/mvc/me/report/tests/Card/GameTest.php" line="21" assertions="1" time="0.002329"/>
      </testsuite>
      <testsuite name="App\Card\PlayerTest" file="/home/ssepheron/dbwebb-kurser/mvc/me/report/tests/Card/PlayerTest.php" tests="4" assertions="8" errors="0" warnings="0" failures="0" skipped="0" time="0.002670">
        <testcase name="testConstructorInitCardHand" class="App\Card\PlayerTest" classname="App.Card.PlayerTest" file="/home/ssepheron/dbwebb-kurser/mvc/me/report/tests/Card/PlayerTest.php" line="16" assertions="2" time="0.000365"/>
        <testcase name="testDrawCard" class="App\Card\PlayerTest" classname="App.Card.PlayerTest" file="/home/ssepheron/dbwebb-kurser/mvc/me/report/tests/Card/PlayerTest.php" line="32" assertions="3" time="0.000481"/>
        <testcase name="testGetHand" class="App\Card\PlayerTest" classname="App.Card.PlayerTest" file="/home/ssepheron/dbwebb-kurser/mvc/me/report/tests/Card/PlayerTest.php" line="49" assertions="2" time="0.000284"/>
        <testcase name="testCalculateScoreAces" class="App\Card\PlayerTest" classname="App.Card.PlayerTest" file="/home/ssepheron/dbwebb-kurser/mvc/me/report/tests/Card/PlayerTest.php" line="76" assertions="1" time="0.001541"/>
      </testsuite>
      <testsuite name="App\Dice\DiceGameTaskTest" file="/home/ssepheron/dbwebb-kurser/mvc/me/report/tests/Dice/DiceGameTaskTest.php" tests="1" assertions="5" errors="0" warnings="0" failures="0" skipped="0" time="0.001328">
        <testcase name="testRollDiceHand" class="App\Dice\DiceGameTaskTest" classname="App.Dice.DiceGameTaskTest" file="/home/ssepheron/dbwebb-kurser/mvc/me/report/tests/Dice/DiceGameTaskTest.php" line="10" assertions="5" time="0.001328"/>
      </testsuite>
      <testsuite name="App\Dice\DiceGraphicTest" file="/home/ssepheron/dbwebb-kurser/mvc/me/report/tests/Dice/DiceGraphicTest.php" tests="1" assertions="1" errors="0" warnings="0" failures="0" skipped="0" time="0.000340">
        <testcase name="testGetAsString" class="App\Dice\DiceGraphicTest" classname="App.Dice.DiceGraphicTest" file="/home/ssepheron/dbwebb-kurser/mvc/me/report/tests/Dice/DiceGraphicTest.php" line="12" assertions="1" time="0.000340"/>
      </testsuite>
      <testsuite name="App\Dice\DiceHandTest" file="/home/ssepheron/dbwebb-kurser/mvc/me/report/tests/Dice/DiceHandTest.php" tests="2" assertions="4" errors="0" warnings="0" failures="0" skipped="0" time="0.001973">
        <testcase name="testAdd" class="App\Dice\DiceHandTest" classname="App.Dice.DiceHandTest" file="/home/ssepheron/dbwebb-kurser/mvc/me/report/tests/Dice/DiceHandTest.php" line="23" assertions="2" time="0.001105"/>
        <testcase name="testRoll" class="App\Dice\DiceHandTest" classname="App.Dice.DiceHandTest" file="/home/ssepheron/dbwebb-kurser/mvc/me/report/tests/Dice/DiceHandTest.php" line="44" assertions="2" time="0.000867"/>
      </testsuite>
      <testsuite name="App\Dice\DiceTest" file="/home/ssepheron/dbwebb-kurser/mvc/me/report/tests/Dice/DiceTest.php" tests="1" assertions="2" errors="0" warnings="0" failures="0" skipped="0" time="0.000278">
        <testcase name="testcreateDice" class="App\Dice\DiceTest" classname="App.Dice.DiceTest" file="/home/ssepheron/dbwebb-kurser/mvc/me/report/tests/Dice/DiceTest.php" line="16" assertions="2" time="0.000278"/>
      </testsuite>
      <testsuite name="App\Library\LibraryTest" file="/home/ssepheron/dbwebb-kurser/mvc/me/report/tests/Library/LibraryTest.php" tests="1" assertions="6" errors="0" warnings="0" failures="0" skipped="0" time="0.010656">
        <testcase name="testCreateOrUpdateBook" class="App\Library\LibraryTest" classname="App.Library.LibraryTest" file="/home/ssepheron/dbwebb-kurser/mvc/me/report/tests/Library/LibraryTest.php" line="14" assertions="6" time="0.010656"/>
      </testsuite>
      <testsuite name="App\Lucky\LuckTest" file="/home/ssepheron/dbwebb-kurser/mvc/me/report/tests/Luck/LuckTest.php" tests="5" assertions="5" errors="0" warnings="0" failures="0" skipped="0" time="0.002341">
        <testcase name="testGetGreetingMorning" class="App\Lucky\LuckTest" classname="App.Lucky.LuckTest" file="/home/ssepheron/dbwebb-kurser/mvc/me/report/tests/Luck/LuckTest.php" line="12" assertions="1" time="0.000950"/>
        <testcase name="testGetGreetingAfternoon" class="App\Lucky\LuckTest" classname="App.Lucky.LuckTest" file="/home/ssepheron/dbwebb-kurser/mvc/me/report/tests/Luck/LuckTest.php" line="22" assertions="1" time="0.000370"/>
        <testcase name="testGetGreetingEvening" class="App\Lucky\LuckTest" classname="App.Lucky.LuckTest" file="/home/ssepheron/dbwebb-kurser/mvc/me/report/tests/Luck/LuckTest.php" line="32" assertions="1" time="0.000262"/>
        <testcase name="testGetTranslatedDayOfWeek" class="App\Lucky\LuckTest" classname="App.Lucky.LuckTest" file="/home/ssepheron/dbwebb-kurser/mvc/me/report/tests/Luck/LuckTest.php" line="42" assertions="1" time="0.000322"/>
        <testcase name="testGetWordForToday" class="App\Lucky\LuckTest" classname="App.Lucky.LuckTest" file="/home/ssepheron/dbwebb-kurser/mvc/me/report/tests/Luck/LuckTest.php" line="61" assertions="1" time="0.000437"/>
      </testsuite>
      <testsuite name="App\Lucky\RandomPetImageSelectorTest" file="/home/ssepheron/dbwebb-kurser/mvc/me/report/tests/Luck/RandomPetImageSelectTest.php" tests="1" assertions="1" errors="0" warnings="0" failures="0" skipped="0" time="0.004514">
        <testcase name="testRandompetImage" class="App\Lucky\RandomPetImageSelectorTest" classname="App.Lucky.RandomPetImageSelectorTest" file="/home/ssepheron/dbwebb-kurser/mvc/me/report/tests/Luck/RandomPetImageSelectTest.php" line="11" assertions="1" time="0.004514"/>
      </testsuite>
    </testsuite>
  </testsuite>
</testsuites>
