<?xml version="1.0" encoding="UTF-8"?>
<testsuites>
  <testsuite name="" tests="63" assertions="114" errors="0" warnings="0" failures="0" skipped="0" time="0.517801">
    <testsuite name="Project Test Suite" tests="63" assertions="114" errors="0" warnings="0" failures="0" skipped="0" time="0.517801">
      <testsuite name="App\Test\Controller\ProjectController\AdventureControllerTest" file="/home/ssepheron/dbwebb-kurser/mvc/me/report/tests/Adventure/AdventureControllerTest.php" tests="5" assertions="5" errors="0" warnings="0" failures="0" skipped="0" time="0.252230">
        <testcase name="testAdventureAddCdSecond" class="App\Test\Controller\ProjectController\AdventureControllerTest" classname="App.Test.Controller.ProjectController.AdventureControllerTest" file="/home/ssepheron/dbwebb-kurser/mvc/me/report/tests/Adventure/AdventureControllerTest.php" line="12" assertions="1" time="0.202142"/>
        <testcase name="testAdventureAddCdS" class="App\Test\Controller\ProjectController\AdventureControllerTest" classname="App.Test.Controller.ProjectController.AdventureControllerTest" file="/home/ssepheron/dbwebb-kurser/mvc/me/report/tests/Adventure/AdventureControllerTest.php" line="33" assertions="1" time="0.007552"/>
        <testcase name="testAdventureAddCd" class="App\Test\Controller\ProjectController\AdventureControllerTest" classname="App.Test.Controller.ProjectController.AdventureControllerTest" file="/home/ssepheron/dbwebb-kurser/mvc/me/report/tests/Adventure/AdventureControllerTest.php" line="54" assertions="1" time="0.010425"/>
        <testcase name="testAdventureAdd" class="App\Test\Controller\ProjectController\AdventureControllerTest" classname="App.Test.Controller.ProjectController.AdventureControllerTest" file="/home/ssepheron/dbwebb-kurser/mvc/me/report/tests/Adventure/AdventureControllerTest.php" line="75" assertions="1" time="0.008719"/>
        <testcase name="testAdventure" class="App\Test\Controller\ProjectController\AdventureControllerTest" classname="App.Test.Controller.ProjectController.AdventureControllerTest" file="/home/ssepheron/dbwebb-kurser/mvc/me/report/tests/Adventure/AdventureControllerTest.php" line="96" assertions="1" time="0.023392"/>
      </testsuite>
      <testsuite name="App\Tests\Adventure\AdventureDevice\AdventureDeviceTest" file="/home/ssepheron/dbwebb-kurser/mvc/me/report/tests/Adventure/AdventureDeviceTest.php" tests="1" assertions="1" errors="0" warnings="0" failures="0" skipped="0" time="0.000796">
        <testcase name="testEncryptText" class="App\Tests\Adventure\AdventureDevice\AdventureDeviceTest" classname="App.Tests.Adventure.AdventureDevice.AdventureDeviceTest" file="/home/ssepheron/dbwebb-kurser/mvc/me/report/tests/Adventure/AdventureDeviceTest.php" line="10" assertions="1" time="0.000796"/>
      </testsuite>
      <testsuite name="AdventureGradesTest" file="/home/ssepheron/dbwebb-kurser/mvc/me/report/tests/Adventure/AdventureGradesTest.php" tests="4" assertions="4" errors="0" warnings="0" failures="0" skipped="0" time="0.010201">
        <testcase name="testGetPersons" class="AdventureGradesTest" classname="AdventureGradesTest" file="/home/ssepheron/dbwebb-kurser/mvc/me/report/tests/Adventure/AdventureGradesTest.php" line="26" assertions="1" time="0.003674"/>
        <testcase name="testAddGrades" class="AdventureGradesTest" classname="AdventureGradesTest" file="/home/ssepheron/dbwebb-kurser/mvc/me/report/tests/Adventure/AdventureGradesTest.php" line="37" assertions="1" time="0.001934"/>
        <testcase name="testGetGradesData" class="AdventureGradesTest" classname="AdventureGradesTest" file="/home/ssepheron/dbwebb-kurser/mvc/me/report/tests/Adventure/AdventureGradesTest.php" line="59" assertions="1" time="0.003067"/>
        <testcase name="testDeleteAllGrades" class="AdventureGradesTest" classname="AdventureGradesTest" file="/home/ssepheron/dbwebb-kurser/mvc/me/report/tests/Adventure/AdventureGradesTest.php" line="90" assertions="1" time="0.001526"/>
      </testsuite>
      <testsuite name="App\Tests\Adventure\AdventureInventory\AdventureInventoryTest" file="/home/ssepheron/dbwebb-kurser/mvc/me/report/tests/Adventure/AdventureInventoryTest.php" tests="10" assertions="20" errors="0" warnings="0" failures="0" skipped="0" time="0.012187">
        <testcase name="testGetAllAdventures" class="App\Tests\Adventure\AdventureInventory\AdventureInventoryTest" classname="App.Tests.Adventure.AdventureInventory.AdventureInventoryTest" file="/home/ssepheron/dbwebb-kurser/mvc/me/report/tests/Adventure/AdventureInventoryTest.php" line="21" assertions="1" time="0.001842"/>
        <testcase name="testClearAdventures" class="App\Tests\Adventure\AdventureInventory\AdventureInventoryTest" classname="App.Tests.Adventure.AdventureInventory.AdventureInventoryTest" file="/home/ssepheron/dbwebb-kurser/mvc/me/report/tests/Adventure/AdventureInventoryTest.php" line="41" assertions="1" time="0.001756"/>
        <testcase name="testAdventureExists" class="App\Tests\Adventure\AdventureInventory\AdventureInventoryTest" classname="App.Tests.Adventure.AdventureInventory.AdventureInventoryTest" file="/home/ssepheron/dbwebb-kurser/mvc/me/report/tests/Adventure/AdventureInventoryTest.php" line="66" assertions="3" time="0.001063"/>
        <testcase name="testAdventureNotExist" class="App\Tests\Adventure\AdventureInventory\AdventureInventoryTest" classname="App.Tests.Adventure.AdventureInventory.AdventureInventoryTest" file="/home/ssepheron/dbwebb-kurser/mvc/me/report/tests/Adventure/AdventureInventoryTest.php" line="91" assertions="3" time="0.001074"/>
        <testcase name="testSaveRot13StringNotExists" class="App\Tests\Adventure\AdventureInventory\AdventureInventoryTest" classname="App.Tests.Adventure.AdventureInventory.AdventureInventoryTest" file="/home/ssepheron/dbwebb-kurser/mvc/me/report/tests/Adventure/AdventureInventoryTest.php" line="116" assertions="2" time="0.001790"/>
        <testcase name="testSaveRot13StringExists" class="App\Tests\Adventure\AdventureInventory\AdventureInventoryTest" classname="App.Tests.Adventure.AdventureInventory.AdventureInventoryTest" file="/home/ssepheron/dbwebb-kurser/mvc/me/report/tests/Adventure/AdventureInventoryTest.php" line="146" assertions="2" time="0.001188"/>
        <testcase name="testAddNoteWhenNotExists" class="App\Tests\Adventure\AdventureInventory\AdventureInventoryTest" classname="App.Tests.Adventure.AdventureInventory.AdventureInventoryTest" file="/home/ssepheron/dbwebb-kurser/mvc/me/report/tests/Adventure/AdventureInventoryTest.php" line="171" assertions="2" time="0.000980"/>
        <testcase name="testAddNoteWhenExists" class="App\Tests\Adventure\AdventureInventory\AdventureInventoryTest" classname="App.Tests.Adventure.AdventureInventory.AdventureInventoryTest" file="/home/ssepheron/dbwebb-kurser/mvc/me/report/tests/Adventure/AdventureInventoryTest.php" line="199" assertions="2" time="0.000749"/>
        <testcase name="testAddCdWhenNotExists" class="App\Tests\Adventure\AdventureInventory\AdventureInventoryTest" classname="App.Tests.Adventure.AdventureInventory.AdventureInventoryTest" file="/home/ssepheron/dbwebb-kurser/mvc/me/report/tests/Adventure/AdventureInventoryTest.php" line="222" assertions="2" time="0.000927"/>
        <testcase name="testAddCdWhenExists" class="App\Tests\Adventure\AdventureInventory\AdventureInventoryTest" classname="App.Tests.Adventure.AdventureInventory.AdventureInventoryTest" file="/home/ssepheron/dbwebb-kurser/mvc/me/report/tests/Adventure/AdventureInventoryTest.php" line="250" assertions="2" time="0.000817"/>
      </testsuite>
      <testsuite name="App\Tests\Adventure\AdventureMechanics\AdventureMechanicsTest" file="/home/ssepheron/dbwebb-kurser/mvc/me/report/tests/Adventure/AdventureMechanicsTest.php" tests="3" assertions="3" errors="0" warnings="0" failures="0" skipped="0" time="0.001532">
        <testcase name="testConstructor" class="App\Tests\Adventure\AdventureMechanics\AdventureMechanicsTest" classname="App.Tests.Adventure.AdventureMechanics.AdventureMechanicsTest" file="/home/ssepheron/dbwebb-kurser/mvc/me/report/tests/Adventure/AdventureMechanicsTest.php" line="19" assertions="1" time="0.000732"/>
        <testcase name="testCheckCorrectPassword" class="App\Tests\Adventure\AdventureMechanics\AdventureMechanicsTest" classname="App.Tests.Adventure.AdventureMechanics.AdventureMechanicsTest" file="/home/ssepheron/dbwebb-kurser/mvc/me/report/tests/Adventure/AdventureMechanicsTest.php" line="33" assertions="1" time="0.000408"/>
        <testcase name="testCheckIncorrectPassword" class="App\Tests\Adventure\AdventureMechanics\AdventureMechanicsTest" classname="App.Tests.Adventure.AdventureMechanics.AdventureMechanicsTest" file="/home/ssepheron/dbwebb-kurser/mvc/me/report/tests/Adventure/AdventureMechanicsTest.php" line="44" assertions="1" time="0.000392"/>
      </testsuite>
      <testsuite name="App\Test\Controller\ProjectController\ProjectControllerTest" file="/home/ssepheron/dbwebb-kurser/mvc/me/report/tests/Adventure/ProjectControllerTest.php" tests="12" assertions="18" errors="0" warnings="0" failures="0" skipped="0" time="0.195005">
        <testcase name="testProjHome" class="App\Test\Controller\ProjectController\ProjectControllerTest" classname="App.Test.Controller.ProjectController.ProjectControllerTest" file="/home/ssepheron/dbwebb-kurser/mvc/me/report/tests/Adventure/ProjectControllerTest.php" line="11" assertions="3" time="0.024553"/>
        <testcase name="testProjAboutDatabase" class="App\Test\Controller\ProjectController\ProjectControllerTest" classname="App.Test.Controller.ProjectController.ProjectControllerTest" file="/home/ssepheron/dbwebb-kurser/mvc/me/report/tests/Adventure/ProjectControllerTest.php" line="21" assertions="3" time="0.016648"/>
        <testcase name="testProjAbout" class="App\Test\Controller\ProjectController\ProjectControllerTest" classname="App.Test.Controller.ProjectController.ProjectControllerTest" file="/home/ssepheron/dbwebb-kurser/mvc/me/report/tests/Adventure/ProjectControllerTest.php" line="35" assertions="3" time="0.013764"/>
        <testcase name="testProjStart" class="App\Test\Controller\ProjectController\ProjectControllerTest" classname="App.Test.Controller.ProjectController.ProjectControllerTest" file="/home/ssepheron/dbwebb-kurser/mvc/me/report/tests/Adventure/ProjectControllerTest.php" line="45" assertions="1" time="0.014846"/>
        <testcase name="testProjSecondRoom" class="App\Test\Controller\ProjectController\ProjectControllerTest" classname="App.Test.Controller.ProjectController.ProjectControllerTest" file="/home/ssepheron/dbwebb-kurser/mvc/me/report/tests/Adventure/ProjectControllerTest.php" line="67" assertions="1" time="0.014617"/>
        <testcase name="testProjThirdRoom" class="App\Test\Controller\ProjectController\ProjectControllerTest" classname="App.Test.Controller.ProjectController.ProjectControllerTest" file="/home/ssepheron/dbwebb-kurser/mvc/me/report/tests/Adventure/ProjectControllerTest.php" line="89" assertions="1" time="0.015051"/>
        <testcase name="testProjOpenCabin" class="App\Test\Controller\ProjectController\ProjectControllerTest" classname="App.Test.Controller.ProjectController.ProjectControllerTest" file="/home/ssepheron/dbwebb-kurser/mvc/me/report/tests/Adventure/ProjectControllerTest.php" line="110" assertions="1" time="0.016293"/>
        <testcase name="testProjServerPassed" class="App\Test\Controller\ProjectController\ProjectControllerTest" classname="App.Test.Controller.ProjectController.ProjectControllerTest" file="/home/ssepheron/dbwebb-kurser/mvc/me/report/tests/Adventure/ProjectControllerTest.php" line="131" assertions="1" time="0.015894"/>
        <testcase name="testProjServerDialogOne" class="App\Test\Controller\ProjectController\ProjectControllerTest" classname="App.Test.Controller.ProjectController.ProjectControllerTest" file="/home/ssepheron/dbwebb-kurser/mvc/me/report/tests/Adventure/ProjectControllerTest.php" line="152" assertions="1" time="0.015475"/>
        <testcase name="testProjServerDialogTwo" class="App\Test\Controller\ProjectController\ProjectControllerTest" classname="App.Test.Controller.ProjectController.ProjectControllerTest" file="/home/ssepheron/dbwebb-kurser/mvc/me/report/tests/Adventure/ProjectControllerTest.php" line="173" assertions="1" time="0.015789"/>
        <testcase name="testProjServerFinalTwo" class="App\Test\Controller\ProjectController\ProjectControllerTest" classname="App.Test.Controller.ProjectController.ProjectControllerTest" file="/home/ssepheron/dbwebb-kurser/mvc/me/report/tests/Adventure/ProjectControllerTest.php" line="194" assertions="1" time="0.015853"/>
        <testcase name="testProjServerFinal" class="App\Test\Controller\ProjectController\ProjectControllerTest" classname="App.Test.Controller.ProjectController.ProjectControllerTest" file="/home/ssepheron/dbwebb-kurser/mvc/me/report/tests/Adventure/ProjectControllerTest.php" line="215" assertions="1" time="0.016220"/>
      </testsuite>
      <testsuite name="App\Tests\Controller\Api\ApiControllerTest" file="/home/ssepheron/dbwebb-kurser/mvc/me/report/tests/Api/ApiControllerTest.php" tests="1" assertions="6" errors="0" warnings="0" failures="0" skipped="0" time="0.001973">
        <testcase name="testDailyQuote" class="App\Tests\Controller\Api\ApiControllerTest" classname="App.Tests.Controller.Api.ApiControllerTest" file="/home/ssepheron/dbwebb-kurser/mvc/me/report/tests/Api/ApiControllerTest.php" line="10" assertions="6" time="0.001973"/>
      </testsuite>
      <testsuite name="App\Tests\Controller\CardGame\CardGameTest" file="/home/ssepheron/dbwebb-kurser/mvc/me/report/tests/Card/CardGameTest.php" tests="1" assertions="1" errors="0" warnings="0" failures="0" skipped="0" time="0.004819">
        <testcase name="testApiDeckReturnsJsonResponse" class="App\Tests\Controller\CardGame\CardGameTest" classname="App.Tests.Controller.CardGame.CardGameTest" file="/home/ssepheron/dbwebb-kurser/mvc/me/report/tests/Card/CardGameTest.php" line="29" assertions="1" time="0.004819"/>
      </testsuite>
      <testsuite name="App\Card\CardHandTest" file="/home/ssepheron/dbwebb-kurser/mvc/me/report/tests/Card/CardHandTest.php" tests="2" assertions="5" errors="0" warnings="0" failures="0" skipped="0" time="0.001336">
        <testcase name="testGetCards" class="App\Card\CardHandTest" classname="App.Card.CardHandTest" file="/home/ssepheron/dbwebb-kurser/mvc/me/report/tests/Card/CardHandTest.php" line="14" assertions="3" time="0.000999"/>
        <testcase name="testAddCard" class="App\Card\CardHandTest" classname="App.Card.CardHandTest" file="/home/ssepheron/dbwebb-kurser/mvc/me/report/tests/Card/CardHandTest.php" line="32" assertions="2" time="0.000336"/>
      </testsuite>
      <testsuite name="App\Card\CardTest" file="/home/ssepheron/dbwebb-kurser/mvc/me/report/tests/Card/CardTest.php" tests="2" assertions="3" errors="0" warnings="0" failures="0" skipped="0" time="0.000548">
        <testcase name="testConstructor" class="App\Card\CardTest" classname="App.Card.CardTest" file="/home/ssepheron/dbwebb-kurser/mvc/me/report/tests/Card/CardTest.php" line="14" assertions="2" time="0.000275"/>
        <testcase name="testgetGrapichalRepresentation" class="App\Card\CardTest" classname="App.Card.CardTest" file="/home/ssepheron/dbwebb-kurser/mvc/me/report/tests/Card/CardTest.php" line="24" assertions="1" time="0.000273"/>
      </testsuite>
      <testsuite name="App\Card\DeckOfCardsTest" file="/home/ssepheron/dbwebb-kurser/mvc/me/report/tests/Card/DeckOfCardsTest.php" tests="3" assertions="11" errors="0" warnings="0" failures="0" skipped="0" time="0.007143">
        <testcase name="testDeckInit" class="App\Card\DeckOfCardsTest" classname="App.Card.DeckOfCardsTest" file="/home/ssepheron/dbwebb-kurser/mvc/me/report/tests/Card/DeckOfCardsTest.php" line="21" assertions="5" time="0.000459"/>
        <testcase name="testShuffle" class="App\Card\DeckOfCardsTest" classname="App.Card.DeckOfCardsTest" file="/home/ssepheron/dbwebb-kurser/mvc/me/report/tests/Card/DeckOfCardsTest.php" line="43" assertions="4" time="0.003877"/>
        <testcase name="testDealCardFromDeck" class="App\Card\DeckOfCardsTest" classname="App.Card.DeckOfCardsTest" file="/home/ssepheron/dbwebb-kurser/mvc/me/report/tests/Card/DeckOfCardsTest.php" line="59" assertions="2" time="0.002807"/>
      </testsuite>
      <testsuite name="App\Card\DeckTaskTest" file="/home/ssepheron/dbwebb-kurser/mvc/me/report/tests/Card/DeckTaskTest.php" tests="1" assertions="1" errors="0" warnings="0" failures="0" skipped="0" time="0.006837">
        <testcase name="testShuffleDeck" class="App\Card\DeckTaskTest" classname="App.Card.DeckTaskTest" file="/home/ssepheron/dbwebb-kurser/mvc/me/report/tests/Card/DeckTaskTest.php" line="12" assertions="1" time="0.006837"/>
      </testsuite>
      <testsuite name="App\Card\Game21DrawTest" file="/home/ssepheron/dbwebb-kurser/mvc/me/report/tests/Card/Game21DrawTest.php" tests="1" assertions="3" errors="0" warnings="0" failures="0" skipped="0" time="0.007617">
        <testcase name="testGetDeckFromSession" class="App\Card\Game21DrawTest" classname="App.Card.Game21DrawTest" file="/home/ssepheron/dbwebb-kurser/mvc/me/report/tests/Card/Game21DrawTest.php" line="14" assertions="3" time="0.007617"/>
      </testsuite>
      <testsuite name="App\Card\GameTest" file="/home/ssepheron/dbwebb-kurser/mvc/me/report/tests/Card/GameTest.php" tests="1" assertions="1" errors="0" warnings="0" failures="0" skipped="0" time="0.002039">
        <testcase name="testInitializeGame" class="App\Card\GameTest" classname="App.Card.GameTest" file="/home/ssepheron/dbwebb-kurser/mvc/me/report/tests/Card/GameTest.php" line="21" assertions="1" time="0.002039"/>
      </testsuite>
      <testsuite name="App\Card\PlayerTest" file="/home/ssepheron/dbwebb-kurser/mvc/me/report/tests/Card/PlayerTest.php" tests="4" assertions="8" errors="0" warnings="0" failures="0" skipped="0" time="0.002200">
        <testcase name="testConstructorInitCardHand" class="App\Card\PlayerTest" classname="App.Card.PlayerTest" file="/home/ssepheron/dbwebb-kurser/mvc/me/report/tests/Card/PlayerTest.php" line="16" assertions="2" time="0.000317"/>
        <testcase name="testDrawCard" class="App\Card\PlayerTest" classname="App.Card.PlayerTest" file="/home/ssepheron/dbwebb-kurser/mvc/me/report/tests/Card/PlayerTest.php" line="32" assertions="3" time="0.000328"/>
        <testcase name="testGetHand" class="App\Card\PlayerTest" classname="App.Card.PlayerTest" file="/home/ssepheron/dbwebb-kurser/mvc/me/report/tests/Card/PlayerTest.php" line="49" assertions="2" time="0.000287"/>
        <testcase name="testCalculateScoreAces" class="App\Card\PlayerTest" classname="App.Card.PlayerTest" file="/home/ssepheron/dbwebb-kurser/mvc/me/report/tests/Card/PlayerTest.php" line="76" assertions="1" time="0.001269"/>
      </testsuite>
      <testsuite name="App\Dice\DiceGameTaskTest" file="/home/ssepheron/dbwebb-kurser/mvc/me/report/tests/Dice/DiceGameTaskTest.php" tests="1" assertions="5" errors="0" warnings="0" failures="0" skipped="0" time="0.001439">
        <testcase name="testRollDiceHand" class="App\Dice\DiceGameTaskTest" classname="App.Dice.DiceGameTaskTest" file="/home/ssepheron/dbwebb-kurser/mvc/me/report/tests/Dice/DiceGameTaskTest.php" line="10" assertions="5" time="0.001439"/>
      </testsuite>
      <testsuite name="App\Dice\DiceGraphicTest" file="/home/ssepheron/dbwebb-kurser/mvc/me/report/tests/Dice/DiceGraphicTest.php" tests="1" assertions="1" errors="0" warnings="0" failures="0" skipped="0" time="0.000427">
        <testcase name="testGetAsString" class="App\Dice\DiceGraphicTest" classname="App.Dice.DiceGraphicTest" file="/home/ssepheron/dbwebb-kurser/mvc/me/report/tests/Dice/DiceGraphicTest.php" line="12" assertions="1" time="0.000427"/>
      </testsuite>
      <testsuite name="App\Dice\DiceHandTest" file="/home/ssepheron/dbwebb-kurser/mvc/me/report/tests/Dice/DiceHandTest.php" tests="2" assertions="4" errors="0" warnings="0" failures="0" skipped="0" time="0.001626">
        <testcase name="testAdd" class="App\Dice\DiceHandTest" classname="App.Dice.DiceHandTest" file="/home/ssepheron/dbwebb-kurser/mvc/me/report/tests/Dice/DiceHandTest.php" line="23" assertions="2" time="0.000860"/>
        <testcase name="testRoll" class="App\Dice\DiceHandTest" classname="App.Dice.DiceHandTest" file="/home/ssepheron/dbwebb-kurser/mvc/me/report/tests/Dice/DiceHandTest.php" line="44" assertions="2" time="0.000766"/>
      </testsuite>
      <testsuite name="App\Dice\DiceTest" file="/home/ssepheron/dbwebb-kurser/mvc/me/report/tests/Dice/DiceTest.php" tests="1" assertions="2" errors="0" warnings="0" failures="0" skipped="0" time="0.000293">
        <testcase name="testcreateDice" class="App\Dice\DiceTest" classname="App.Dice.DiceTest" file="/home/ssepheron/dbwebb-kurser/mvc/me/report/tests/Dice/DiceTest.php" line="16" assertions="2" time="0.000293"/>
      </testsuite>
      <testsuite name="App\Library\LibraryTest" file="/home/ssepheron/dbwebb-kurser/mvc/me/report/tests/Library/LibraryTest.php" tests="1" assertions="6" errors="0" warnings="0" failures="0" skipped="0" time="0.002315">
        <testcase name="testCreateOrUpdateBook" class="App\Library\LibraryTest" classname="App.Library.LibraryTest" file="/home/ssepheron/dbwebb-kurser/mvc/me/report/tests/Library/LibraryTest.php" line="14" assertions="6" time="0.002315"/>
      </testsuite>
      <testsuite name="App\Lucky\LuckTest" file="/home/ssepheron/dbwebb-kurser/mvc/me/report/tests/Luck/LuckTest.php" tests="5" assertions="5" errors="0" warnings="0" failures="0" skipped="0" time="0.002190">
        <testcase name="testGetGreetingMorning" class="App\Lucky\LuckTest" classname="App.Lucky.LuckTest" file="/home/ssepheron/dbwebb-kurser/mvc/me/report/tests/Luck/LuckTest.php" line="12" assertions="1" time="0.000898"/>
        <testcase name="testGetGreetingAfternoon" class="App\Lucky\LuckTest" classname="App.Lucky.LuckTest" file="/home/ssepheron/dbwebb-kurser/mvc/me/report/tests/Luck/LuckTest.php" line="22" assertions="1" time="0.000320"/>
        <testcase name="testGetGreetingEvening" class="App\Lucky\LuckTest" classname="App.Lucky.LuckTest" file="/home/ssepheron/dbwebb-kurser/mvc/me/report/tests/Luck/LuckTest.php" line="32" assertions="1" time="0.000265"/>
        <testcase name="testGetTranslatedDayOfWeek" class="App\Lucky\LuckTest" classname="App.Lucky.LuckTest" file="/home/ssepheron/dbwebb-kurser/mvc/me/report/tests/Luck/LuckTest.php" line="42" assertions="1" time="0.000382"/>
        <testcase name="testGetWordForToday" class="App\Lucky\LuckTest" classname="App.Lucky.LuckTest" file="/home/ssepheron/dbwebb-kurser/mvc/me/report/tests/Luck/LuckTest.php" line="61" assertions="1" time="0.000325"/>
      </testsuite>
      <testsuite name="App\Lucky\RandomPetImageSelectorTest" file="/home/ssepheron/dbwebb-kurser/mvc/me/report/tests/Luck/RandomPetImageSelectTest.php" tests="1" assertions="1" errors="0" warnings="0" failures="0" skipped="0" time="0.003046">
        <testcase name="testRandompetImage" class="App\Lucky\RandomPetImageSelectorTest" classname="App.Lucky.RandomPetImageSelectorTest" file="/home/ssepheron/dbwebb-kurser/mvc/me/report/tests/Luck/RandomPetImageSelectTest.php" line="11" assertions="1" time="0.003046"/>
      </testsuite>
    </testsuite>
  </testsuite>
</testsuites>
